running develop
/usr/local/lib/python3.10/dist-packages/setuptools/command/easy_install.py:156: EasyInstallDeprecationWarning: easy_install command is deprecated. Use build and pip and other standards-based tools.
  warnings.warn(
running egg_info
writing positioning.egg-info/PKG-INFO
writing dependency_links to positioning.egg-info/dependency_links.txt
writing entry points to positioning.egg-info/entry_points.txt
writing requirements to positioning.egg-info/requires.txt
writing top-level names to positioning.egg-info/top_level.txt
reading manifest file 'positioning.egg-info/SOURCES.txt'
writing manifest file 'positioning.egg-info/SOURCES.txt'
running build_ext
Creating /home/delta/ros2_ws/install/positioning/lib/python3.10/site-packages/positioning.egg-link (link to .)
Installing gps_node script to /home/delta/ros2_ws/install/positioning/lib/positioning
Installing gsm_position_node script to /home/delta/ros2_ws/install/positioning/lib/positioning
Installing imu_node script to /home/delta/ros2_ws/install/positioning/lib/positioning
Installing lidar_localization_node script to /home/delta/ros2_ws/install/positioning/lib/positioning
Installing nav2_interface_node script to /home/delta/ros2_ws/install/positioning/lib/positioning
Installing position_monitor_node script to /home/delta/ros2_ws/install/positioning/lib/positioning
Installing sensor_fusion_node script to /home/delta/ros2_ws/install/positioning/lib/positioning

Installed /home/delta/ros2_ws/build/positioning
running symlink_data
symbolically linking /home/delta/ros2_ws/build/positioning/resource/positioning -> /home/delta/ros2_ws/install/positioning/share/ament_index/resource_index/packages
symbolically linking /home/delta/ros2_ws/build/positioning/package.xml -> /home/delta/ros2_ws/install/positioning/share/positioning
