[3.014s] Invoking command in '/home/delta/ros2_ws/build/positioning': PYTHONPATH=/home/delta/ros2_ws/build/positioning/prefix_override:/usr/lib/python3/dist-packages/colcon_core/task/python/colcon_distutils_commands:/home/delta/ros2_ws/install/positioning/lib/python3.10/site-packages:${PYTHONPATH} /usr/bin/python3 -W ignore:setup.py install is deprecated setup.py develop --editable --build-directory /home/delta/ros2_ws/build/positioning/build --no-deps symlink_data --force
[4.442s] running develop
[4.449s] /usr/local/lib/python3.10/dist-packages/setuptools/command/easy_install.py:156: EasyInstallDeprecationWarning: easy_install command is deprecated. Use build and pip and other standards-based tools.
[4.450s]   warnings.warn(
[5.364s] running egg_info
[5.365s] writing positioning.egg-info/PKG-INFO
[5.366s] writing dependency_links to positioning.egg-info/dependency_links.txt
[5.368s] writing entry points to positioning.egg-info/entry_points.txt
[5.369s] writing requirements to positioning.egg-info/requires.txt
[5.369s] writing top-level names to positioning.egg-info/top_level.txt
[5.378s] reading manifest file 'positioning.egg-info/SOURCES.txt'
[5.381s] writing manifest file 'positioning.egg-info/SOURCES.txt'
[5.387s] running build_ext
[5.388s] Creating /home/delta/ros2_ws/install/positioning/lib/python3.10/site-packages/positioning.egg-link (link to .)
[5.391s] Installing gps_node script to /home/delta/ros2_ws/install/positioning/lib/positioning
[5.392s] Installing gsm_position_node script to /home/delta/ros2_ws/install/positioning/lib/positioning
[5.393s] Installing imu_node script to /home/delta/ros2_ws/install/positioning/lib/positioning
[5.394s] Installing lidar_localization_node script to /home/delta/ros2_ws/install/positioning/lib/positioning
[5.395s] Installing nav2_interface_node script to /home/delta/ros2_ws/install/positioning/lib/positioning
[5.395s] Installing position_monitor_node script to /home/delta/ros2_ws/install/positioning/lib/positioning
[5.396s] Installing sensor_fusion_node script to /home/delta/ros2_ws/install/positioning/lib/positioning
[5.398s] 
[5.398s] Installed /home/delta/ros2_ws/build/positioning
[5.398s] running symlink_data
[5.399s] symbolically linking /home/delta/ros2_ws/build/positioning/resource/positioning -> /home/delta/ros2_ws/install/positioning/share/ament_index/resource_index/packages
[5.400s] symbolically linking /home/delta/ros2_ws/build/positioning/package.xml -> /home/delta/ros2_ws/install/positioning/share/positioning
[5.536s] Invoked command in '/home/delta/ros2_ws/build/positioning' returned '0': PYTHONPATH=/home/delta/ros2_ws/build/positioning/prefix_override:/usr/lib/python3/dist-packages/colcon_core/task/python/colcon_distutils_commands:/home/delta/ros2_ws/install/positioning/lib/python3.10/site-packages:${PYTHONPATH} /usr/bin/python3 -W ignore:setup.py install is deprecated setup.py develop --editable --build-directory /home/delta/ros2_ws/build/positioning/build --no-deps symlink_data --force
