running egg_info
writing ../../build/drive/drive.egg-info/PKG-INFO
writing dependency_links to ../../build/drive/drive.egg-info/dependency_links.txt
writing entry points to ../../build/drive/drive.egg-info/entry_points.txt
writing requirements to ../../build/drive/drive.egg-info/requires.txt
writing top-level names to ../../build/drive/drive.egg-info/top_level.txt
reading manifest file '../../build/drive/drive.egg-info/SOURCES.txt'
writing manifest file '../../build/drive/drive.egg-info/SOURCES.txt'
running build
running build_py
copying drive/drive_control_node.py -> /home/delta/ros2_ws/build/drive/build/lib/drive
copying drive/motor_controller_node.py -> /home/delta/ros2_ws/build/drive/build/lib/drive
running install
running install_lib
copying /home/delta/ros2_ws/build/drive/build/lib/drive/drive_control_node.py -> /home/delta/ros2_ws/install/drive/lib/python3.10/site-packages/drive
copying /home/delta/ros2_ws/build/drive/build/lib/drive/motor_controller_node.py -> /home/delta/ros2_ws/install/drive/lib/python3.10/site-packages/drive
byte-compiling /home/delta/ros2_ws/install/drive/lib/python3.10/site-packages/drive/drive_control_node.py to drive_control_node.cpython-310.pyc
byte-compiling /home/delta/ros2_ws/install/drive/lib/python3.10/site-packages/drive/motor_controller_node.py to motor_controller_node.cpython-310.pyc
running install_data
running install_egg_info
removing '/home/delta/ros2_ws/install/drive/lib/python3.10/site-packages/drive-0.0.1-py3.10.egg-info' (and everything under it)
Copying ../../build/drive/drive.egg-info to /home/delta/ros2_ws/install/drive/lib/python3.10/site-packages/drive-0.0.1-py3.10.egg-info
running install_scripts
Installing drive_control script to /home/delta/ros2_ws/install/drive/lib/drive
Installing motor_controller script to /home/delta/ros2_ws/install/drive/lib/drive
Installing motor_health_monitor script to /home/delta/ros2_ws/install/drive/lib/drive
writing list of installed files to '/home/delta/ros2_ws/build/drive/install.log'
