[3.005s] Invoking command in '/home/delta/ros2_ws/src/drive': PYTHONPATH=/home/delta/ros2_ws/build/drive/prefix_override:/usr/lib/python3/dist-packages/colcon_core/task/python/colcon_distutils_commands:/home/delta/ros2_ws/install/drive/lib/python3.10/site-packages:${PYTHONPATH} /usr/bin/python3 -W ignore:setup.py install is deprecated setup.py egg_info --egg-base ../../build/drive build --build-base /home/delta/ros2_ws/build/drive/build install --record /home/delta/ros2_ws/build/drive/install.log --single-version-externally-managed install_data
[4.278s] running egg_info
[4.280s] writing ../../build/drive/drive.egg-info/PKG-INFO
[4.281s] writing dependency_links to ../../build/drive/drive.egg-info/dependency_links.txt
[4.282s] writing entry points to ../../build/drive/drive.egg-info/entry_points.txt
[4.283s] writing requirements to ../../build/drive/drive.egg-info/requires.txt
[4.284s] writing top-level names to ../../build/drive/drive.egg-info/top_level.txt
[4.291s] reading manifest file '../../build/drive/drive.egg-info/SOURCES.txt'
[4.295s] writing manifest file '../../build/drive/drive.egg-info/SOURCES.txt'
[4.296s] running build
[4.297s] running build_py
[4.297s] copying drive/drive_control_node.py -> /home/delta/ros2_ws/build/drive/build/lib/drive
[4.298s] copying drive/motor_controller_node.py -> /home/delta/ros2_ws/build/drive/build/lib/drive
[4.300s] running install
[4.302s] running install_lib
[4.306s] copying /home/delta/ros2_ws/build/drive/build/lib/drive/drive_control_node.py -> /home/delta/ros2_ws/install/drive/lib/python3.10/site-packages/drive
[4.307s] copying /home/delta/ros2_ws/build/drive/build/lib/drive/motor_controller_node.py -> /home/delta/ros2_ws/install/drive/lib/python3.10/site-packages/drive
[4.309s] byte-compiling /home/delta/ros2_ws/install/drive/lib/python3.10/site-packages/drive/drive_control_node.py to drive_control_node.cpython-310.pyc
[4.311s] Sorry: IndentationError: expected an indented block after 'if' statement on line 41 (drive_control_node.py, line 42)
[4.312s] byte-compiling /home/delta/ros2_ws/install/drive/lib/python3.10/site-packages/drive/motor_controller_node.py to motor_controller_node.cpython-310.pyc
[4.313s]   File "/home/delta/ros2_ws/install/drive/lib/python3.10/site-packages/drive/motor_controller_node.py", line 59
[4.314s]     self.console_publisher.publish(String(data=con
[4.314s]                                          ^
[4.314s] SyntaxError: '(' was never closed
[4.315s] 
[4.315s] running install_data
[4.315s] running install_egg_info
[4.321s] removing '/home/delta/ros2_ws/install/drive/lib/python3.10/site-packages/drive-0.0.1-py3.10.egg-info' (and everything under it)
[4.323s] Copying ../../build/drive/drive.egg-info to /home/delta/ros2_ws/install/drive/lib/python3.10/site-packages/drive-0.0.1-py3.10.egg-info
[4.328s] running install_scripts
[4.404s] Installing drive_control script to /home/delta/ros2_ws/install/drive/lib/drive
[4.405s] Installing motor_controller script to /home/delta/ros2_ws/install/drive/lib/drive
[4.406s] Installing motor_health_monitor script to /home/delta/ros2_ws/install/drive/lib/drive
[4.407s] writing list of installed files to '/home/delta/ros2_ws/build/drive/install.log'
[4.535s] Invoked command in '/home/delta/ros2_ws/src/drive' returned '0': PYTHONPATH=/home/delta/ros2_ws/build/drive/prefix_override:/usr/lib/python3/dist-packages/colcon_core/task/python/colcon_distutils_commands:/home/delta/ros2_ws/install/drive/lib/python3.10/site-packages:${PYTHONPATH} /usr/bin/python3 -W ignore:setup.py install is deprecated setup.py egg_info --egg-base ../../build/drive build --build-base /home/delta/ros2_ws/build/drive/build install --record /home/delta/ros2_ws/build/drive/install.log --single-version-externally-managed install_data
