[3.204s] Invoking command in '/home/delta/ros2_ws/build/positioning': PYTHONPATH=/home/delta/ros2_ws/build/positioning/prefix_override:/usr/lib/python3/dist-packages/colcon_core/task/python/colcon_distutils_commands:/home/delta/ros2_ws/install/positioning/lib/python3.10/site-packages:${PYTHONPATH} /usr/bin/python3 -W ignore:setup.py install is deprecated setup.py develop --editable --build-directory /home/delta/ros2_ws/build/positioning/build --no-deps symlink_data
[4.525s] running develop
[4.526s] /usr/local/lib/python3.10/dist-packages/setuptools/command/easy_install.py:156: EasyInstallDeprecationWarning: easy_install command is deprecated. Use build and pip and other standards-based tools.
[4.527s]   warnings.warn(
[5.451s] running egg_info
[5.452s] writing positioning.egg-info/PKG-INFO
[5.453s] writing dependency_links to positioning.egg-info/dependency_links.txt
[5.454s] writing entry points to positioning.egg-info/entry_points.txt
[5.455s] writing requirements to positioning.egg-info/requires.txt
[5.455s] writing top-level names to positioning.egg-info/top_level.txt
[5.464s] reading manifest file 'positioning.egg-info/SOURCES.txt'
[5.467s] writing manifest file 'positioning.egg-info/SOURCES.txt'
[5.474s] running build_ext
[5.475s] Creating /home/delta/ros2_ws/install/positioning/lib/python3.10/site-packages/positioning.egg-link (link to .)
[5.479s] Installing gps_node script to /home/delta/ros2_ws/install/positioning/lib/positioning
[5.480s] Installing gsm_position_node script to /home/delta/ros2_ws/install/positioning/lib/positioning
[5.480s] Installing imu_node script to /home/delta/ros2_ws/install/positioning/lib/positioning
[5.481s] Installing lidar_localization_node script to /home/delta/ros2_ws/install/positioning/lib/positioning
[5.482s] Installing nav2_interface_node script to /home/delta/ros2_ws/install/positioning/lib/positioning
[5.483s] Installing position_monitor_node script to /home/delta/ros2_ws/install/positioning/lib/positioning
[5.483s] Installing sensor_fusion_node script to /home/delta/ros2_ws/install/positioning/lib/positioning
[5.485s] 
[5.485s] Installed /home/delta/ros2_ws/build/positioning
[5.486s] running symlink_data
[5.624s] Invoked command in '/home/delta/ros2_ws/build/positioning' returned '0': PYTHONPATH=/home/delta/ros2_ws/build/positioning/prefix_override:/usr/lib/python3/dist-packages/colcon_core/task/python/colcon_distutils_commands:/home/delta/ros2_ws/install/positioning/lib/python3.10/site-packages:${PYTHONPATH} /usr/bin/python3 -W ignore:setup.py install is deprecated setup.py develop --editable --build-directory /home/delta/ros2_ws/build/positioning/build --no-deps symlink_data
