[0.454s] DEBUG:colcon:Command line arguments: ['/usr/bin/colcon', 'build', '--packages-select', 'drive']
[0.454s] DEBUG:colcon:Parsed command line arguments: Namespace(log_base=None, log_level=None, verb_name='build', build_base='build', install_base='install', merge_install=False, symlink_install=False, test_result_base=None, continue_on_error=False, executor='parallel', parallel_workers=4, event_handlers=None, ignore_user_meta=False, metas=['./colcon.meta'], base_paths=['.'], packages_ignore=None, packages_ignore_regex=None, paths=None, packages_up_to=None, packages_up_to_regex=None, packages_above=None, packages_above_and_dependencies=None, packages_above_depth=None, packages_select_by_dep=None, packages_skip_by_dep=None, packages_skip_up_to=None, packages_select_build_failed=False, packages_skip_build_finished=False, packages_select_test_failures=False, packages_skip_test_passed=False, packages_select=['drive'], packages_skip=None, packages_select_regex=None, packages_skip_regex=None, packages_start=None, packages_end=None, allow_overriding=[], cmake_args=None, cmake_target=None, cmake_target_skip_unavailable=False, cmake_clean_cache=False, cmake_clean_first=False, cmake_force_configure=False, ament_cmake_args=None, catkin_cmake_args=None, catkin_skip_building_tests=False, mixin_files=None, mixin=None, verb_parser=<colcon_mixin.mixin.mixin_argument.MixinArgumentDecorator object at 0xffffa6a92200>, verb_extension=<colcon_core.verb.build.BuildVerb object at 0xffffa6b928c0>, main=<bound method BuildVerb.main of <colcon_core.verb.build.BuildVerb object at 0xffffa6b928c0>>, mixin_verb=('build',))
[1.293s] Level 1:colcon.colcon_core.package_discovery:discover_packages(colcon_meta) check parameters
[1.293s] Level 1:colcon.colcon_core.package_discovery:discover_packages(recursive) check parameters
[1.293s] Level 1:colcon.colcon_core.package_discovery:discover_packages(ignore) check parameters
[1.293s] Level 1:colcon.colcon_core.package_discovery:discover_packages(path) check parameters
[1.293s] Level 1:colcon.colcon_core.package_discovery:discover_packages(colcon_meta) discover
[1.294s] Level 1:colcon.colcon_core.package_discovery:discover_packages(recursive) discover
[1.294s] INFO:colcon.colcon_core.package_discovery:Crawling recursively for packages in '/home/delta/ros2_ws'
[1.294s] Level 1:colcon.colcon_core.package_identification:_identify(.) by extensions ['ignore', 'ignore_ament_install']
[1.295s] Level 1:colcon.colcon_core.package_identification:_identify(.) by extension 'ignore'
[1.295s] Level 1:colcon.colcon_core.package_identification:_identify(.) by extension 'ignore_ament_install'
[1.295s] Level 1:colcon.colcon_core.package_identification:_identify(.) by extensions ['colcon_pkg']
[1.295s] Level 1:colcon.colcon_core.package_identification:_identify(.) by extension 'colcon_pkg'
[1.295s] Level 1:colcon.colcon_core.package_identification:_identify(.) by extensions ['colcon_meta']
[1.295s] Level 1:colcon.colcon_core.package_identification:_identify(.) by extension 'colcon_meta'
[1.296s] Level 1:colcon.colcon_core.package_identification:_identify(.) by extensions ['ros']
[1.296s] Level 1:colcon.colcon_core.package_identification:_identify(.) by extension 'ros'
[1.342s] Level 1:colcon.colcon_core.package_identification:_identify(.) by extensions ['cmake', 'python']
[1.342s] Level 1:colcon.colcon_core.package_identification:_identify(.) by extension 'cmake'
[1.342s] Level 1:colcon.colcon_core.package_identification:_identify(.) by extension 'python'
[1.342s] Level 1:colcon.colcon_core.package_identification:_identify(.) by extensions ['python_setup_py']
[1.342s] Level 1:colcon.colcon_core.package_identification:_identify(.) by extension 'python_setup_py'
[1.343s] Level 1:colcon.colcon_core.package_identification:_identify(arduino) by extensions ['ignore', 'ignore_ament_install']
[1.343s] Level 1:colcon.colcon_core.package_identification:_identify(arduino) by extension 'ignore'
[1.343s] Level 1:colcon.colcon_core.package_identification:_identify(arduino) by extension 'ignore_ament_install'
[1.344s] Level 1:colcon.colcon_core.package_identification:_identify(arduino) by extensions ['colcon_pkg']
[1.344s] Level 1:colcon.colcon_core.package_identification:_identify(arduino) by extension 'colcon_pkg'
[1.344s] Level 1:colcon.colcon_core.package_identification:_identify(arduino) by extensions ['colcon_meta']
[1.344s] Level 1:colcon.colcon_core.package_identification:_identify(arduino) by extension 'colcon_meta'
[1.344s] Level 1:colcon.colcon_core.package_identification:_identify(arduino) by extensions ['ros']
[1.344s] Level 1:colcon.colcon_core.package_identification:_identify(arduino) by extension 'ros'
[1.345s] Level 1:colcon.colcon_core.package_identification:_identify(arduino) by extensions ['cmake', 'python']
[1.345s] Level 1:colcon.colcon_core.package_identification:_identify(arduino) by extension 'cmake'
[1.345s] Level 1:colcon.colcon_core.package_identification:_identify(arduino) by extension 'python'
[1.345s] Level 1:colcon.colcon_core.package_identification:_identify(arduino) by extensions ['python_setup_py']
[1.345s] Level 1:colcon.colcon_core.package_identification:_identify(arduino) by extension 'python_setup_py'
[1.346s] Level 1:colcon.colcon_core.package_identification:_identify(bin) by extensions ['ignore', 'ignore_ament_install']
[1.346s] Level 1:colcon.colcon_core.package_identification:_identify(bin) by extension 'ignore'
[1.346s] Level 1:colcon.colcon_core.package_identification:_identify(bin) by extension 'ignore_ament_install'
[1.346s] Level 1:colcon.colcon_core.package_identification:_identify(bin) by extensions ['colcon_pkg']
[1.346s] Level 1:colcon.colcon_core.package_identification:_identify(bin) by extension 'colcon_pkg'
[1.347s] Level 1:colcon.colcon_core.package_identification:_identify(bin) by extensions ['colcon_meta']
[1.347s] Level 1:colcon.colcon_core.package_identification:_identify(bin) by extension 'colcon_meta'
[1.347s] Level 1:colcon.colcon_core.package_identification:_identify(bin) by extensions ['ros']
[1.347s] Level 1:colcon.colcon_core.package_identification:_identify(bin) by extension 'ros'
[1.347s] Level 1:colcon.colcon_core.package_identification:_identify(bin) by extensions ['cmake', 'python']
[1.347s] Level 1:colcon.colcon_core.package_identification:_identify(bin) by extension 'cmake'
[1.348s] Level 1:colcon.colcon_core.package_identification:_identify(bin) by extension 'python'
[1.348s] Level 1:colcon.colcon_core.package_identification:_identify(bin) by extensions ['python_setup_py']
[1.348s] Level 1:colcon.colcon_core.package_identification:_identify(bin) by extension 'python_setup_py'
[1.348s] Level 1:colcon.colcon_core.package_identification:_identify(build) by extensions ['ignore', 'ignore_ament_install']
[1.348s] Level 1:colcon.colcon_core.package_identification:_identify(build) by extension 'ignore'
[1.349s] Level 1:colcon.colcon_core.package_identification:_identify(build) ignored
[1.349s] Level 1:colcon.colcon_core.package_identification:_identify(install) by extensions ['ignore', 'ignore_ament_install']
[1.349s] Level 1:colcon.colcon_core.package_identification:_identify(install) by extension 'ignore'
[1.350s] Level 1:colcon.colcon_core.package_identification:_identify(install) ignored
[1.350s] Level 1:colcon.colcon_core.package_identification:_identify(log) by extensions ['ignore', 'ignore_ament_install']
[1.350s] Level 1:colcon.colcon_core.package_identification:_identify(log) by extension 'ignore'
[1.350s] Level 1:colcon.colcon_core.package_identification:_identify(log) ignored
[1.351s] Level 1:colcon.colcon_core.package_identification:_identify(src) by extensions ['ignore', 'ignore_ament_install']
[1.351s] Level 1:colcon.colcon_core.package_identification:_identify(src) by extension 'ignore'
[1.351s] Level 1:colcon.colcon_core.package_identification:_identify(src) by extension 'ignore_ament_install'
[1.351s] Level 1:colcon.colcon_core.package_identification:_identify(src) by extensions ['colcon_pkg']
[1.351s] Level 1:colcon.colcon_core.package_identification:_identify(src) by extension 'colcon_pkg'
[1.352s] Level 1:colcon.colcon_core.package_identification:_identify(src) by extensions ['colcon_meta']
[1.352s] Level 1:colcon.colcon_core.package_identification:_identify(src) by extension 'colcon_meta'
[1.352s] Level 1:colcon.colcon_core.package_identification:_identify(src) by extensions ['ros']
[1.352s] Level 1:colcon.colcon_core.package_identification:_identify(src) by extension 'ros'
[1.352s] Level 1:colcon.colcon_core.package_identification:_identify(src) by extensions ['cmake', 'python']
[1.352s] Level 1:colcon.colcon_core.package_identification:_identify(src) by extension 'cmake'
[1.353s] Level 1:colcon.colcon_core.package_identification:_identify(src) by extension 'python'
[1.353s] Level 1:colcon.colcon_core.package_identification:_identify(src) by extensions ['python_setup_py']
[1.353s] Level 1:colcon.colcon_core.package_identification:_identify(src) by extension 'python_setup_py'
[1.353s] Level 1:colcon.colcon_core.package_identification:_identify(src/drive) by extensions ['ignore', 'ignore_ament_install']
[1.354s] Level 1:colcon.colcon_core.package_identification:_identify(src/drive) by extension 'ignore'
[1.354s] Level 1:colcon.colcon_core.package_identification:_identify(src/drive) by extension 'ignore_ament_install'
[1.354s] Level 1:colcon.colcon_core.package_identification:_identify(src/drive) by extensions ['colcon_pkg']
[1.354s] Level 1:colcon.colcon_core.package_identification:_identify(src/drive) by extension 'colcon_pkg'
[1.354s] Level 1:colcon.colcon_core.package_identification:_identify(src/drive) by extensions ['colcon_meta']
[1.354s] Level 1:colcon.colcon_core.package_identification:_identify(src/drive) by extension 'colcon_meta'
[1.355s] Level 1:colcon.colcon_core.package_identification:_identify(src/drive) by extensions ['ros']
[1.355s] Level 1:colcon.colcon_core.package_identification:_identify(src/drive) by extension 'ros'
[1.364s] DEBUG:colcon.colcon_core.package_identification:Package 'src/drive' with type 'ros.ament_python' and name 'drive'
[1.364s] Level 1:colcon.colcon_core.package_identification:_identify(test0) by extensions ['ignore', 'ignore_ament_install']
[1.364s] Level 1:colcon.colcon_core.package_identification:_identify(test0) by extension 'ignore'
[1.365s] Level 1:colcon.colcon_core.package_identification:_identify(test0) by extension 'ignore_ament_install'
[1.365s] Level 1:colcon.colcon_core.package_identification:_identify(test0) by extensions ['colcon_pkg']
[1.365s] Level 1:colcon.colcon_core.package_identification:_identify(test0) by extension 'colcon_pkg'
[1.365s] Level 1:colcon.colcon_core.package_identification:_identify(test0) by extensions ['colcon_meta']
[1.365s] Level 1:colcon.colcon_core.package_identification:_identify(test0) by extension 'colcon_meta'
[1.365s] Level 1:colcon.colcon_core.package_identification:_identify(test0) by extensions ['ros']
[1.366s] Level 1:colcon.colcon_core.package_identification:_identify(test0) by extension 'ros'
[1.366s] Level 1:colcon.colcon_core.package_identification:_identify(test0) by extensions ['cmake', 'python']
[1.366s] Level 1:colcon.colcon_core.package_identification:_identify(test0) by extension 'cmake'
[1.366s] Level 1:colcon.colcon_core.package_identification:_identify(test0) by extension 'python'
[1.366s] Level 1:colcon.colcon_core.package_identification:_identify(test0) by extensions ['python_setup_py']
[1.367s] Level 1:colcon.colcon_core.package_identification:_identify(test0) by extension 'python_setup_py'
[1.367s] Level 1:colcon.colcon_core.package_identification:_identify(test0/arduino) by extensions ['ignore', 'ignore_ament_install']
[1.367s] Level 1:colcon.colcon_core.package_identification:_identify(test0/arduino) by extension 'ignore'
[1.367s] Level 1:colcon.colcon_core.package_identification:_identify(test0/arduino) by extension 'ignore_ament_install'
[1.368s] Level 1:colcon.colcon_core.package_identification:_identify(test0/arduino) by extensions ['colcon_pkg']
[1.368s] Level 1:colcon.colcon_core.package_identification:_identify(test0/arduino) by extension 'colcon_pkg'
[1.368s] Level 1:colcon.colcon_core.package_identification:_identify(test0/arduino) by extensions ['colcon_meta']
[1.368s] Level 1:colcon.colcon_core.package_identification:_identify(test0/arduino) by extension 'colcon_meta'
[1.368s] Level 1:colcon.colcon_core.package_identification:_identify(test0/arduino) by extensions ['ros']
[1.368s] Level 1:colcon.colcon_core.package_identification:_identify(test0/arduino) by extension 'ros'
[1.369s] Level 1:colcon.colcon_core.package_identification:_identify(test0/arduino) by extensions ['cmake', 'python']
[1.369s] Level 1:colcon.colcon_core.package_identification:_identify(test0/arduino) by extension 'cmake'
[1.369s] Level 1:colcon.colcon_core.package_identification:_identify(test0/arduino) by extension 'python'
[1.369s] Level 1:colcon.colcon_core.package_identification:_identify(test0/arduino) by extensions ['python_setup_py']
[1.369s] Level 1:colcon.colcon_core.package_identification:_identify(test0/arduino) by extension 'python_setup_py'
[1.370s] Level 1:colcon.colcon_core.package_identification:_identify(test0/arduino/1) by extensions ['ignore', 'ignore_ament_install']
[1.370s] Level 1:colcon.colcon_core.package_identification:_identify(test0/arduino/1) by extension 'ignore'
[1.370s] Level 1:colcon.colcon_core.package_identification:_identify(test0/arduino/1) by extension 'ignore_ament_install'
[1.370s] Level 1:colcon.colcon_core.package_identification:_identify(test0/arduino/1) by extensions ['colcon_pkg']
[1.371s] Level 1:colcon.colcon_core.package_identification:_identify(test0/arduino/1) by extension 'colcon_pkg'
[1.371s] Level 1:colcon.colcon_core.package_identification:_identify(test0/arduino/1) by extensions ['colcon_meta']
[1.371s] Level 1:colcon.colcon_core.package_identification:_identify(test0/arduino/1) by extension 'colcon_meta'
[1.371s] Level 1:colcon.colcon_core.package_identification:_identify(test0/arduino/1) by extensions ['ros']
[1.371s] Level 1:colcon.colcon_core.package_identification:_identify(test0/arduino/1) by extension 'ros'
[1.371s] Level 1:colcon.colcon_core.package_identification:_identify(test0/arduino/1) by extensions ['cmake', 'python']
[1.372s] Level 1:colcon.colcon_core.package_identification:_identify(test0/arduino/1) by extension 'cmake'
[1.372s] Level 1:colcon.colcon_core.package_identification:_identify(test0/arduino/1) by extension 'python'
[1.372s] Level 1:colcon.colcon_core.package_identification:_identify(test0/arduino/1) by extensions ['python_setup_py']
[1.372s] Level 1:colcon.colcon_core.package_identification:_identify(test0/arduino/1) by extension 'python_setup_py'
[1.372s] Level 1:colcon.colcon_core.package_identification:_identify(test0/arduino/2) by extensions ['ignore', 'ignore_ament_install']
[1.373s] Level 1:colcon.colcon_core.package_identification:_identify(test0/arduino/2) by extension 'ignore'
[1.373s] Level 1:colcon.colcon_core.package_identification:_identify(test0/arduino/2) by extension 'ignore_ament_install'
[1.373s] Level 1:colcon.colcon_core.package_identification:_identify(test0/arduino/2) by extensions ['colcon_pkg']
[1.373s] Level 1:colcon.colcon_core.package_identification:_identify(test0/arduino/2) by extension 'colcon_pkg'
[1.373s] Level 1:colcon.colcon_core.package_identification:_identify(test0/arduino/2) by extensions ['colcon_meta']
[1.373s] Level 1:colcon.colcon_core.package_identification:_identify(test0/arduino/2) by extension 'colcon_meta'
[1.374s] Level 1:colcon.colcon_core.package_identification:_identify(test0/arduino/2) by extensions ['ros']
[1.374s] Level 1:colcon.colcon_core.package_identification:_identify(test0/arduino/2) by extension 'ros'
[1.374s] Level 1:colcon.colcon_core.package_identification:_identify(test0/arduino/2) by extensions ['cmake', 'python']
[1.374s] Level 1:colcon.colcon_core.package_identification:_identify(test0/arduino/2) by extension 'cmake'
[1.374s] Level 1:colcon.colcon_core.package_identification:_identify(test0/arduino/2) by extension 'python'
[1.375s] Level 1:colcon.colcon_core.package_identification:_identify(test0/arduino/2) by extensions ['python_setup_py']
[1.375s] Level 1:colcon.colcon_core.package_identification:_identify(test0/arduino/2) by extension 'python_setup_py'
[1.375s] Level 1:colcon.colcon_core.package_identification:_identify(test0/arduino/3) by extensions ['ignore', 'ignore_ament_install']
[1.375s] Level 1:colcon.colcon_core.package_identification:_identify(test0/arduino/3) by extension 'ignore'
[1.376s] Level 1:colcon.colcon_core.package_identification:_identify(test0/arduino/3) by extension 'ignore_ament_install'
[1.376s] Level 1:colcon.colcon_core.package_identification:_identify(test0/arduino/3) by extensions ['colcon_pkg']
[1.376s] Level 1:colcon.colcon_core.package_identification:_identify(test0/arduino/3) by extension 'colcon_pkg'
[1.376s] Level 1:colcon.colcon_core.package_identification:_identify(test0/arduino/3) by extensions ['colcon_meta']
[1.376s] Level 1:colcon.colcon_core.package_identification:_identify(test0/arduino/3) by extension 'colcon_meta'
[1.376s] Level 1:colcon.colcon_core.package_identification:_identify(test0/arduino/3) by extensions ['ros']
[1.377s] Level 1:colcon.colcon_core.package_identification:_identify(test0/arduino/3) by extension 'ros'
[1.377s] Level 1:colcon.colcon_core.package_identification:_identify(test0/arduino/3) by extensions ['cmake', 'python']
[1.377s] Level 1:colcon.colcon_core.package_identification:_identify(test0/arduino/3) by extension 'cmake'
[1.377s] Level 1:colcon.colcon_core.package_identification:_identify(test0/arduino/3) by extension 'python'
[1.377s] Level 1:colcon.colcon_core.package_identification:_identify(test0/arduino/3) by extensions ['python_setup_py']
[1.377s] Level 1:colcon.colcon_core.package_identification:_identify(test0/arduino/3) by extension 'python_setup_py'
[1.378s] Level 1:colcon.colcon_core.package_identification:_identify(test0/arduino/clean) by extensions ['ignore', 'ignore_ament_install']
[1.378s] Level 1:colcon.colcon_core.package_identification:_identify(test0/arduino/clean) by extension 'ignore'
[1.378s] Level 1:colcon.colcon_core.package_identification:_identify(test0/arduino/clean) by extension 'ignore_ament_install'
[1.379s] Level 1:colcon.colcon_core.package_identification:_identify(test0/arduino/clean) by extensions ['colcon_pkg']
[1.379s] Level 1:colcon.colcon_core.package_identification:_identify(test0/arduino/clean) by extension 'colcon_pkg'
[1.379s] Level 1:colcon.colcon_core.package_identification:_identify(test0/arduino/clean) by extensions ['colcon_meta']
[1.379s] Level 1:colcon.colcon_core.package_identification:_identify(test0/arduino/clean) by extension 'colcon_meta'
[1.379s] Level 1:colcon.colcon_core.package_identification:_identify(test0/arduino/clean) by extensions ['ros']
[1.379s] Level 1:colcon.colcon_core.package_identification:_identify(test0/arduino/clean) by extension 'ros'
[1.380s] Level 1:colcon.colcon_core.package_identification:_identify(test0/arduino/clean) by extensions ['cmake', 'python']
[1.380s] Level 1:colcon.colcon_core.package_identification:_identify(test0/arduino/clean) by extension 'cmake'
[1.380s] Level 1:colcon.colcon_core.package_identification:_identify(test0/arduino/clean) by extension 'python'
[1.380s] Level 1:colcon.colcon_core.package_identification:_identify(test0/arduino/clean) by extensions ['python_setup_py']
[1.380s] Level 1:colcon.colcon_core.package_identification:_identify(test0/arduino/clean) by extension 'python_setup_py'
[1.381s] Level 1:colcon.colcon_core.package_identification:_identify(test0/arduino/test) by extensions ['ignore', 'ignore_ament_install']
[1.381s] Level 1:colcon.colcon_core.package_identification:_identify(test0/arduino/test) by extension 'ignore'
[1.381s] Level 1:colcon.colcon_core.package_identification:_identify(test0/arduino/test) by extension 'ignore_ament_install'
[1.381s] Level 1:colcon.colcon_core.package_identification:_identify(test0/arduino/test) by extensions ['colcon_pkg']
[1.381s] Level 1:colcon.colcon_core.package_identification:_identify(test0/arduino/test) by extension 'colcon_pkg'
[1.381s] Level 1:colcon.colcon_core.package_identification:_identify(test0/arduino/test) by extensions ['colcon_meta']
[1.382s] Level 1:colcon.colcon_core.package_identification:_identify(test0/arduino/test) by extension 'colcon_meta'
[1.382s] Level 1:colcon.colcon_core.package_identification:_identify(test0/arduino/test) by extensions ['ros']
[1.382s] Level 1:colcon.colcon_core.package_identification:_identify(test0/arduino/test) by extension 'ros'
[1.382s] Level 1:colcon.colcon_core.package_identification:_identify(test0/arduino/test) by extensions ['cmake', 'python']
[1.382s] Level 1:colcon.colcon_core.package_identification:_identify(test0/arduino/test) by extension 'cmake'
[1.383s] Level 1:colcon.colcon_core.package_identification:_identify(test0/arduino/test) by extension 'python'
[1.383s] Level 1:colcon.colcon_core.package_identification:_identify(test0/arduino/test) by extensions ['python_setup_py']
[1.383s] Level 1:colcon.colcon_core.package_identification:_identify(test0/arduino/test) by extension 'python_setup_py'
[1.383s] Level 1:colcon.colcon_core.package_identification:_identify(test0/python) by extensions ['ignore', 'ignore_ament_install']
[1.384s] Level 1:colcon.colcon_core.package_identification:_identify(test0/python) by extension 'ignore'
[1.384s] Level 1:colcon.colcon_core.package_identification:_identify(test0/python) by extension 'ignore_ament_install'
[1.384s] Level 1:colcon.colcon_core.package_identification:_identify(test0/python) by extensions ['colcon_pkg']
[1.384s] Level 1:colcon.colcon_core.package_identification:_identify(test0/python) by extension 'colcon_pkg'
[1.384s] Level 1:colcon.colcon_core.package_identification:_identify(test0/python) by extensions ['colcon_meta']
[1.384s] Level 1:colcon.colcon_core.package_identification:_identify(test0/python) by extension 'colcon_meta'
[1.385s] Level 1:colcon.colcon_core.package_identification:_identify(test0/python) by extensions ['ros']
[1.385s] Level 1:colcon.colcon_core.package_identification:_identify(test0/python) by extension 'ros'
[1.385s] Level 1:colcon.colcon_core.package_identification:_identify(test0/python) by extensions ['cmake', 'python']
[1.385s] Level 1:colcon.colcon_core.package_identification:_identify(test0/python) by extension 'cmake'
[1.385s] Level 1:colcon.colcon_core.package_identification:_identify(test0/python) by extension 'python'
[1.385s] Level 1:colcon.colcon_core.package_identification:_identify(test0/python) by extensions ['python_setup_py']
[1.385s] Level 1:colcon.colcon_core.package_identification:_identify(test0/python) by extension 'python_setup_py'
[1.386s] Level 1:colcon.colcon_core.package_identification:_identify(test0/python/__pycache__) by extensions ['ignore', 'ignore_ament_install']
[1.386s] Level 1:colcon.colcon_core.package_identification:_identify(test0/python/__pycache__) by extension 'ignore'
[1.386s] Level 1:colcon.colcon_core.package_identification:_identify(test0/python/__pycache__) by extension 'ignore_ament_install'
[1.387s] Level 1:colcon.colcon_core.package_identification:_identify(test0/python/__pycache__) by extensions ['colcon_pkg']
[1.387s] Level 1:colcon.colcon_core.package_identification:_identify(test0/python/__pycache__) by extension 'colcon_pkg'
[1.387s] Level 1:colcon.colcon_core.package_identification:_identify(test0/python/__pycache__) by extensions ['colcon_meta']
[1.387s] Level 1:colcon.colcon_core.package_identification:_identify(test0/python/__pycache__) by extension 'colcon_meta'
[1.387s] Level 1:colcon.colcon_core.package_identification:_identify(test0/python/__pycache__) by extensions ['ros']
[1.387s] Level 1:colcon.colcon_core.package_identification:_identify(test0/python/__pycache__) by extension 'ros'
[1.388s] Level 1:colcon.colcon_core.package_identification:_identify(test0/python/__pycache__) by extensions ['cmake', 'python']
[1.388s] Level 1:colcon.colcon_core.package_identification:_identify(test0/python/__pycache__) by extension 'cmake'
[1.388s] Level 1:colcon.colcon_core.package_identification:_identify(test0/python/__pycache__) by extension 'python'
[1.388s] Level 1:colcon.colcon_core.package_identification:_identify(test0/python/__pycache__) by extensions ['python_setup_py']
[1.388s] Level 1:colcon.colcon_core.package_identification:_identify(test0/python/__pycache__) by extension 'python_setup_py'
[1.388s] Level 1:colcon.colcon_core.package_discovery:discover_packages(recursive) using defaults
[1.389s] Level 1:colcon.colcon_core.package_discovery:discover_packages(ignore) discover
[1.389s] Level 1:colcon.colcon_core.package_discovery:discover_packages(ignore) using defaults
[1.389s] Level 1:colcon.colcon_core.package_discovery:discover_packages(path) discover
[1.389s] Level 1:colcon.colcon_core.package_discovery:discover_packages(path) using defaults
[1.461s] Level 1:colcon.colcon_core.package_discovery:discover_packages(prefix_path) check parameters
[1.461s] Level 1:colcon.colcon_core.package_discovery:discover_packages(prefix_path) discover
[1.465s] WARNING:colcon.colcon_ros.prefix_path.ament:The path '/home/delta/ros2_ws/install/drive' in the environment variable AMENT_PREFIX_PATH doesn't exist
[1.468s] DEBUG:colcon.colcon_installed_package_information.package_discovery:Found 0 installed packages in /home/delta/ros2_ws/install
[1.479s] DEBUG:colcon.colcon_installed_package_information.package_discovery:Found 334 installed packages in /opt/ros/humble
[1.528s] Level 1:colcon.colcon_core.package_discovery:discover_packages(prefix_path) using defaults
[1.720s] Level 5:colcon.colcon_core.verb:set package 'drive' build argument 'cmake_args' from command line to 'None'
[1.720s] Level 5:colcon.colcon_core.verb:set package 'drive' build argument 'cmake_target' from command line to 'None'
[1.720s] Level 5:colcon.colcon_core.verb:set package 'drive' build argument 'cmake_target_skip_unavailable' from command line to 'False'
[1.720s] Level 5:colcon.colcon_core.verb:set package 'drive' build argument 'cmake_clean_cache' from command line to 'False'
[1.721s] Level 5:colcon.colcon_core.verb:set package 'drive' build argument 'cmake_clean_first' from command line to 'False'
[1.721s] Level 5:colcon.colcon_core.verb:set package 'drive' build argument 'cmake_force_configure' from command line to 'False'
[1.721s] Level 5:colcon.colcon_core.verb:set package 'drive' build argument 'ament_cmake_args' from command line to 'None'
[1.721s] Level 5:colcon.colcon_core.verb:set package 'drive' build argument 'catkin_cmake_args' from command line to 'None'
[1.721s] Level 5:colcon.colcon_core.verb:set package 'drive' build argument 'catkin_skip_building_tests' from command line to 'False'
[1.721s] DEBUG:colcon.colcon_core.verb:Building package 'drive' with the following arguments: {'ament_cmake_args': None, 'build_base': '/home/delta/ros2_ws/build/drive', 'catkin_cmake_args': None, 'catkin_skip_building_tests': False, 'cmake_args': None, 'cmake_clean_cache': False, 'cmake_clean_first': False, 'cmake_force_configure': False, 'cmake_target': None, 'cmake_target_skip_unavailable': False, 'install_base': '/home/delta/ros2_ws/install/drive', 'merge_install': False, 'path': '/home/delta/ros2_ws/src/drive', 'symlink_install': False, 'test_result_base': None}
[1.722s] INFO:colcon.colcon_core.executor:Executing jobs using 'parallel' executor
[1.725s] DEBUG:colcon.colcon_parallel_executor.executor.parallel:run_until_complete
[1.726s] INFO:colcon.colcon_ros.task.ament_python.build:Building ROS package in '/home/delta/ros2_ws/src/drive' with build type 'ament_python'
[1.727s] Level 1:colcon.colcon_core.shell:create_environment_hook('drive', 'ament_prefix_path')
[1.736s] INFO:colcon.colcon_core.plugin_system:Skipping extension 'colcon_core.shell.bat': Not used on non-Windows systems
[1.737s] INFO:colcon.colcon_core.shell:Creating environment hook '/home/delta/ros2_ws/install/drive/share/drive/hook/ament_prefix_path.ps1'
[1.740s] INFO:colcon.colcon_core.shell:Creating environment descriptor '/home/delta/ros2_ws/install/drive/share/drive/hook/ament_prefix_path.dsv'
[1.742s] INFO:colcon.colcon_core.shell:Creating environment hook '/home/delta/ros2_ws/install/drive/share/drive/hook/ament_prefix_path.sh'
[1.746s] INFO:colcon.colcon_core.shell:Skip shell extension 'powershell' for command environment: Not usable outside of PowerShell
[1.746s] DEBUG:colcon.colcon_core.shell:Skip shell extension 'dsv' for command environment
[3.084s] INFO:colcon.colcon_core.task.python.build:Building Python package in '/home/delta/ros2_ws/src/drive'
[3.085s] INFO:colcon.colcon_core.shell:Skip shell extension 'powershell' for command environment: Not usable outside of PowerShell
[3.085s] DEBUG:colcon.colcon_core.shell:Skip shell extension 'dsv' for command environment
[4.711s] DEBUG:colcon.colcon_core.event_handler.log_command:Invoking command in '/home/delta/ros2_ws/src/drive': PYTHONPATH=/home/delta/ros2_ws/build/drive/prefix_override:/usr/lib/python3/dist-packages/colcon_core/task/python/colcon_distutils_commands:/home/delta/ros2_ws/install/drive/lib/python3.10/site-packages:${PYTHONPATH} /usr/bin/python3 -W ignore:setup.py install is deprecated setup.py egg_info --egg-base ../../build/drive build --build-base /home/delta/ros2_ws/build/drive/build install --record /home/delta/ros2_ws/build/drive/install.log --single-version-externally-managed install_data
[6.196s] DEBUG:colcon.colcon_core.event_handler.log_command:Invoked command in '/home/delta/ros2_ws/src/drive' returned '0': PYTHONPATH=/home/delta/ros2_ws/build/drive/prefix_override:/usr/lib/python3/dist-packages/colcon_core/task/python/colcon_distutils_commands:/home/delta/ros2_ws/install/drive/lib/python3.10/site-packages:${PYTHONPATH} /usr/bin/python3 -W ignore:setup.py install is deprecated setup.py egg_info --egg-base ../../build/drive build --build-base /home/delta/ros2_ws/build/drive/build install --record /home/delta/ros2_ws/build/drive/install.log --single-version-externally-managed install_data
[6.208s] Level 1:colcon.colcon_core.environment:checking '/home/delta/ros2_ws/install/drive' for CMake module files
[6.211s] Level 1:colcon.colcon_core.environment:checking '/home/delta/ros2_ws/install/drive' for CMake config files
[6.216s] Level 1:colcon.colcon_core.environment:checking '/home/delta/ros2_ws/install/drive/lib'
[6.217s] Level 1:colcon.colcon_core.environment:checking '/home/delta/ros2_ws/install/drive/bin'
[6.218s] Level 1:colcon.colcon_core.environment:checking '/home/delta/ros2_ws/install/drive/lib/pkgconfig/drive.pc'
[6.219s] Level 1:colcon.colcon_core.environment:checking '/home/delta/ros2_ws/install/drive/lib/python3.10/site-packages'
[6.220s] Level 1:colcon.colcon_core.shell:create_environment_hook('drive', 'pythonpath')
[6.221s] INFO:colcon.colcon_core.shell:Creating environment hook '/home/delta/ros2_ws/install/drive/share/drive/hook/pythonpath.ps1'
[6.223s] INFO:colcon.colcon_core.shell:Creating environment descriptor '/home/delta/ros2_ws/install/drive/share/drive/hook/pythonpath.dsv'
[6.224s] INFO:colcon.colcon_core.shell:Creating environment hook '/home/delta/ros2_ws/install/drive/share/drive/hook/pythonpath.sh'
[6.226s] Level 1:colcon.colcon_core.environment:checking '/home/delta/ros2_ws/install/drive/bin'
[6.227s] Level 1:colcon.colcon_core.environment:create_environment_scripts_only(drive)
[6.228s] INFO:colcon.colcon_core.shell:Creating package script '/home/delta/ros2_ws/install/drive/share/drive/package.ps1'
[6.231s] INFO:colcon.colcon_core.shell:Creating package descriptor '/home/delta/ros2_ws/install/drive/share/drive/package.dsv'
[6.233s] INFO:colcon.colcon_core.shell:Creating package script '/home/delta/ros2_ws/install/drive/share/drive/package.sh'
[6.236s] INFO:colcon.colcon_core.shell:Creating package script '/home/delta/ros2_ws/install/drive/share/drive/package.bash'
[6.239s] INFO:colcon.colcon_core.shell:Creating package script '/home/delta/ros2_ws/install/drive/share/drive/package.zsh'
[6.241s] Level 1:colcon.colcon_core.environment:create_file_with_runtime_dependencies(/home/delta/ros2_ws/install/drive/share/colcon-core/packages/drive)
[6.242s] DEBUG:colcon.colcon_parallel_executor.executor.parallel:closing loop
[6.243s] DEBUG:colcon.colcon_parallel_executor.executor.parallel:loop closed
[6.244s] DEBUG:colcon.colcon_parallel_executor.executor.parallel:run_until_complete finished with '0'
[6.244s] DEBUG:colcon.colcon_core.event_reactor:joining thread
[6.264s] INFO:colcon.colcon_core.plugin_system:Skipping extension 'colcon_notification.desktop_notification.terminal_notifier': Not used on non-Darwin systems
[6.264s] INFO:colcon.colcon_core.plugin_system:Skipping extension 'colcon_notification.desktop_notification.win32': Not used on non-Windows systems
[6.264s] INFO:colcon.colcon_notification.desktop_notification:Sending desktop notification using 'notify2'
[6.270s] DEBUG:colcon.colcon_notification.desktop_notification.notify2:Failed to initialize notify2: org.freedesktop.DBus.Error.ServiceUnknown: The name org.freedesktop.Notifications was not provided by any .service files
[6.270s] DEBUG:colcon.colcon_core.event_reactor:joined thread
[6.271s] INFO:colcon.colcon_core.shell:Creating prefix script '/home/delta/ros2_ws/install/local_setup.ps1'
[6.275s] INFO:colcon.colcon_core.shell:Creating prefix util module '/home/delta/ros2_ws/install/_local_setup_util_ps1.py'
[6.280s] INFO:colcon.colcon_core.shell:Creating prefix chain script '/home/delta/ros2_ws/install/setup.ps1'
[6.284s] INFO:colcon.colcon_core.shell:Creating prefix script '/home/delta/ros2_ws/install/local_setup.sh'
[6.287s] INFO:colcon.colcon_core.shell:Creating prefix util module '/home/delta/ros2_ws/install/_local_setup_util_sh.py'
[6.289s] INFO:colcon.colcon_core.shell:Creating prefix chain script '/home/delta/ros2_ws/install/setup.sh'
[6.294s] INFO:colcon.colcon_core.shell:Creating prefix script '/home/delta/ros2_ws/install/local_setup.bash'
[6.296s] INFO:colcon.colcon_core.shell:Creating prefix chain script '/home/delta/ros2_ws/install/setup.bash'
[6.300s] INFO:colcon.colcon_core.shell:Creating prefix script '/home/delta/ros2_ws/install/local_setup.zsh'
[6.302s] INFO:colcon.colcon_core.shell:Creating prefix chain script '/home/delta/ros2_ws/install/setup.zsh'
