running egg_info
creating ../../build/drive/drive.egg-info
writing ../../build/drive/drive.egg-info/PKG-INFO
writing dependency_links to ../../build/drive/drive.egg-info/dependency_links.txt
writing entry points to ../../build/drive/drive.egg-info/entry_points.txt
writing requirements to ../../build/drive/drive.egg-info/requires.txt
writing top-level names to ../../build/drive/drive.egg-info/top_level.txt
writing manifest file '../../build/drive/drive.egg-info/SOURCES.txt'
reading manifest file '../../build/drive/drive.egg-info/SOURCES.txt'
writing manifest file '../../build/drive/drive.egg-info/SOURCES.txt'
running build
running build_py
creating /home/delta/ros2_ws/build/drive/build
creating /home/delta/ros2_ws/build/drive/build/lib
creating /home/delta/ros2_ws/build/drive/build/lib/drive
copying drive/motor_health_monitor_node.py -> /home/delta/ros2_ws/build/drive/build/lib/drive
copying drive/drive_control_node.py -> /home/delta/ros2_ws/build/drive/build/lib/drive
copying drive/motor_controller_node.py -> /home/delta/ros2_ws/build/drive/build/lib/drive
copying drive/__init__.py -> /home/delta/ros2_ws/build/drive/build/lib/drive
running install
running install_lib
creating /home/delta/ros2_ws/install/drive/lib/python3.10/site-packages/drive
copying /home/delta/ros2_ws/build/drive/build/lib/drive/motor_health_monitor_node.py -> /home/delta/ros2_ws/install/drive/lib/python3.10/site-packages/drive
copying /home/delta/ros2_ws/build/drive/build/lib/drive/drive_control_node.py -> /home/delta/ros2_ws/install/drive/lib/python3.10/site-packages/drive
copying /home/delta/ros2_ws/build/drive/build/lib/drive/motor_controller_node.py -> /home/delta/ros2_ws/install/drive/lib/python3.10/site-packages/drive
copying /home/delta/ros2_ws/build/drive/build/lib/drive/__init__.py -> /home/delta/ros2_ws/install/drive/lib/python3.10/site-packages/drive
byte-compiling /home/delta/ros2_ws/install/drive/lib/python3.10/site-packages/drive/motor_health_monitor_node.py to motor_health_monitor_node.cpython-310.pyc
byte-compiling /home/delta/ros2_ws/install/drive/lib/python3.10/site-packages/drive/drive_control_node.py to drive_control_node.cpython-310.pyc
byte-compiling /home/delta/ros2_ws/install/drive/lib/python3.10/site-packages/drive/motor_controller_node.py to motor_controller_node.cpython-310.pyc
byte-compiling /home/delta/ros2_ws/install/drive/lib/python3.10/site-packages/drive/__init__.py to __init__.cpython-310.pyc
running install_data
creating /home/delta/ros2_ws/install/drive/share/ament_index
creating /home/delta/ros2_ws/install/drive/share/ament_index/resource_index
creating /home/delta/ros2_ws/install/drive/share/ament_index/resource_index/packages
copying resource/drive -> /home/delta/ros2_ws/install/drive/share/ament_index/resource_index/packages
copying package.xml -> /home/delta/ros2_ws/install/drive/share/drive
copying launch/drive_launch.py -> /home/delta/ros2_ws/install/drive/share/drive
creating /home/delta/ros2_ws/install/drive/share/drive/config
copying config/drive_params.yaml -> /home/delta/ros2_ws/install/drive/share/drive/config
running install_egg_info
Copying ../../build/drive/drive.egg-info to /home/delta/ros2_ws/install/drive/lib/python3.10/site-packages/drive-0.0.1-py3.10.egg-info
running install_scripts
Installing drive_control script to /home/delta/ros2_ws/install/drive/lib/drive
Installing motor_controller script to /home/delta/ros2_ws/install/drive/lib/drive
Installing motor_health_monitor script to /home/delta/ros2_ws/install/drive/lib/drive
writing list of installed files to '/home/delta/ros2_ws/build/drive/install.log'
