[2.980s] Invoking command in '/home/delta/ros2_ws/src/drive': PYTHONPATH=/home/delta/ros2_ws/build/drive/prefix_override:/usr/lib/python3/dist-packages/colcon_core/task/python/colcon_distutils_commands:/home/delta/ros2_ws/install/drive/lib/python3.10/site-packages:${PYTHONPATH} /usr/bin/python3 -W ignore:setup.py install is deprecated setup.py egg_info --egg-base ../../build/drive build --build-base /home/delta/ros2_ws/build/drive/build install --record /home/delta/ros2_ws/build/drive/install.log --single-version-externally-managed install_data
[4.210s] running egg_info
[4.212s] creating ../../build/drive/drive.egg-info
[4.213s] writing ../../build/drive/drive.egg-info/PKG-INFO
[4.214s] writing dependency_links to ../../build/drive/drive.egg-info/dependency_links.txt
[4.215s] writing entry points to ../../build/drive/drive.egg-info/entry_points.txt
[4.216s] writing requirements to ../../build/drive/drive.egg-info/requires.txt
[4.216s] writing top-level names to ../../build/drive/drive.egg-info/top_level.txt
[4.217s] writing manifest file '../../build/drive/drive.egg-info/SOURCES.txt'
[4.224s] reading manifest file '../../build/drive/drive.egg-info/SOURCES.txt'
[4.227s] writing manifest file '../../build/drive/drive.egg-info/SOURCES.txt'
[4.228s] running build
[4.228s] running build_py
[4.229s] creating /home/delta/ros2_ws/build/drive/build
[4.229s] creating /home/delta/ros2_ws/build/drive/build/lib
[4.230s] creating /home/delta/ros2_ws/build/drive/build/lib/drive
[4.231s] copying drive/motor_health_monitor_node.py -> /home/delta/ros2_ws/build/drive/build/lib/drive
[4.231s] copying drive/drive_control_node.py -> /home/delta/ros2_ws/build/drive/build/lib/drive
[4.232s] copying drive/motor_controller_node.py -> /home/delta/ros2_ws/build/drive/build/lib/drive
[4.233s] copying drive/__init__.py -> /home/delta/ros2_ws/build/drive/build/lib/drive
[4.233s] running install
[4.235s] running install_lib
[4.238s] creating /home/delta/ros2_ws/install/drive/lib/python3.10/site-packages/drive
[4.239s] copying /home/delta/ros2_ws/build/drive/build/lib/drive/motor_health_monitor_node.py -> /home/delta/ros2_ws/install/drive/lib/python3.10/site-packages/drive
[4.239s] copying /home/delta/ros2_ws/build/drive/build/lib/drive/drive_control_node.py -> /home/delta/ros2_ws/install/drive/lib/python3.10/site-packages/drive
[4.240s] copying /home/delta/ros2_ws/build/drive/build/lib/drive/motor_controller_node.py -> /home/delta/ros2_ws/install/drive/lib/python3.10/site-packages/drive
[4.241s] copying /home/delta/ros2_ws/build/drive/build/lib/drive/__init__.py -> /home/delta/ros2_ws/install/drive/lib/python3.10/site-packages/drive
[4.243s] byte-compiling /home/delta/ros2_ws/install/drive/lib/python3.10/site-packages/drive/motor_health_monitor_node.py to motor_health_monitor_node.cpython-310.pyc
[4.246s] byte-compiling /home/delta/ros2_ws/install/drive/lib/python3.10/site-packages/drive/drive_control_node.py to drive_control_node.cpython-310.pyc
[4.249s] byte-compiling /home/delta/ros2_ws/install/drive/lib/python3.10/site-packages/drive/motor_controller_node.py to motor_controller_node.cpython-310.pyc
[4.252s] byte-compiling /home/delta/ros2_ws/install/drive/lib/python3.10/site-packages/drive/__init__.py to __init__.cpython-310.pyc
[4.253s] running install_data
[4.253s] creating /home/delta/ros2_ws/install/drive/share/ament_index
[4.254s] creating /home/delta/ros2_ws/install/drive/share/ament_index/resource_index
[4.254s] creating /home/delta/ros2_ws/install/drive/share/ament_index/resource_index/packages
[4.254s] copying resource/drive -> /home/delta/ros2_ws/install/drive/share/ament_index/resource_index/packages
[4.255s] copying package.xml -> /home/delta/ros2_ws/install/drive/share/drive
[4.256s] copying launch/drive_launch.py -> /home/delta/ros2_ws/install/drive/share/drive
[4.256s] creating /home/delta/ros2_ws/install/drive/share/drive/config
[4.257s] copying config/drive_params.yaml -> /home/delta/ros2_ws/install/drive/share/drive/config
[4.257s] running install_egg_info
[4.265s] Copying ../../build/drive/drive.egg-info to /home/delta/ros2_ws/install/drive/lib/python3.10/site-packages/drive-0.0.1-py3.10.egg-info
[4.270s] running install_scripts
[4.344s] Installing drive_control script to /home/delta/ros2_ws/install/drive/lib/drive
[4.345s] Installing motor_controller script to /home/delta/ros2_ws/install/drive/lib/drive
[4.346s] Installing motor_health_monitor script to /home/delta/ros2_ws/install/drive/lib/drive
[4.349s] writing list of installed files to '/home/delta/ros2_ws/build/drive/install.log'
[4.468s] Invoked command in '/home/delta/ros2_ws/src/drive' returned '0': PYTHONPATH=/home/delta/ros2_ws/build/drive/prefix_override:/usr/lib/python3/dist-packages/colcon_core/task/python/colcon_distutils_commands:/home/delta/ros2_ws/install/drive/lib/python3.10/site-packages:${PYTHONPATH} /usr/bin/python3 -W ignore:setup.py install is deprecated setup.py egg_info --egg-base ../../build/drive build --build-base /home/delta/ros2_ws/build/drive/build install --record /home/delta/ros2_ws/build/drive/install.log --single-version-externally-managed install_data
