[4.920s] Invoking command in '/home/delta/ros2_ws/build/positioning': PYTHONPATH=/home/delta/ros2_ws/build/positioning/prefix_override:/usr/lib/python3/dist-packages/colcon_core/task/python/colcon_distutils_commands:/home/delta/ros2_ws/install/positioning/lib/python3.10/site-packages:${PYTHONPATH} /usr/bin/python3 -W ignore:setup.py install is deprecated setup.py develop --editable --build-directory /home/delta/ros2_ws/build/positioning/build --no-deps symlink_data
[6.600s] running develop
[6.602s] /usr/local/lib/python3.10/dist-packages/setuptools/command/easy_install.py:156: EasyInstallDeprecationWarning: easy_install command is deprecated. Use build and pip and other standards-based tools.
[6.603s]   warnings.warn(
[7.872s] running egg_info
[7.874s] writing positioning.egg-info/PKG-INFO
[7.874s] writing dependency_links to positioning.egg-info/dependency_links.txt
[7.875s] writing entry points to positioning.egg-info/entry_points.txt
[7.876s] writing requirements to positioning.egg-info/requires.txt
[7.877s] writing top-level names to positioning.egg-info/top_level.txt
[7.886s] reading manifest file 'positioning.egg-info/SOURCES.txt'
[7.890s] writing manifest file 'positioning.egg-info/SOURCES.txt'
[7.897s] running build_ext
[7.898s] Creating /home/delta/ros2_ws/install/positioning/lib/python3.10/site-packages/positioning.egg-link (link to .)
[7.902s] Installing camera_odometry_node script to /home/delta/ros2_ws/install/positioning/lib/positioning
[7.902s] Installing gps_sensor_node script to /home/delta/ros2_ws/install/positioning/lib/positioning
[7.903s] Installing imu_sensor_node script to /home/delta/ros2_ws/install/positioning/lib/positioning
[7.904s] Installing position_estimator_node script to /home/delta/ros2_ws/install/positioning/lib/positioning
[7.905s] Installing sensor_fusion_node script to /home/delta/ros2_ws/install/positioning/lib/positioning
[7.906s] 
[7.907s] Installed /home/delta/ros2_ws/build/positioning
[7.907s] running symlink_data
[8.050s] Invoked command in '/home/delta/ros2_ws/build/positioning' returned '0': PYTHONPATH=/home/delta/ros2_ws/build/positioning/prefix_override:/usr/lib/python3/dist-packages/colcon_core/task/python/colcon_distutils_commands:/home/delta/ros2_ws/install/positioning/lib/python3.10/site-packages:${PYTHONPATH} /usr/bin/python3 -W ignore:setup.py install is deprecated setup.py develop --editable --build-directory /home/delta/ros2_ws/build/positioning/build --no-deps symlink_data
