[4.703s] Invoking command in '/home/delta/ros2_ws/build/drive': PYTHONPATH=/home/delta/ros2_ws/build/drive/prefix_override:/usr/lib/python3/dist-packages/colcon_core/task/python/colcon_distutils_commands:/home/delta/ros2_ws/install/drive/lib/python3.10/site-packages:${PYTHONPATH} /usr/bin/python3 -W ignore:setup.py install is deprecated setup.py develop --editable --build-directory /home/delta/ros2_ws/build/drive/build --no-deps symlink_data
[6.316s] running develop
[6.318s] /usr/local/lib/python3.10/dist-packages/setuptools/command/easy_install.py:156: EasyInstallDeprecationWarning: easy_install command is deprecated. Use build and pip and other standards-based tools.
[6.318s]   warnings.warn(
[7.464s] running egg_info
[7.467s] writing drive.egg-info/PKG-INFO
[7.469s] writing dependency_links to drive.egg-info/dependency_links.txt
[7.470s] writing entry points to drive.egg-info/entry_points.txt
[7.471s] writing requirements to drive.egg-info/requires.txt
[7.474s] writing top-level names to drive.egg-info/top_level.txt
[7.477s] reading manifest file 'drive.egg-info/SOURCES.txt'
[7.481s] writing manifest file 'drive.egg-info/SOURCES.txt'
[7.490s] running build_ext
[7.492s] Creating /home/delta/ros2_ws/install/drive/lib/python3.10/site-packages/drive.egg-link (link to .)
[7.497s] Installing drive_control script to /home/delta/ros2_ws/install/drive/lib/drive
[7.500s] Installing motor_controller script to /home/delta/ros2_ws/install/drive/lib/drive
[7.505s] Installing motor_health_monitor script to /home/delta/ros2_ws/install/drive/lib/drive
[7.508s] 
[7.512s] Installed /home/delta/ros2_ws/build/drive
[7.516s] running symlink_data
[7.662s] Invoked command in '/home/delta/ros2_ws/build/drive' returned '0': PYTHONPATH=/home/delta/ros2_ws/build/drive/prefix_override:/usr/lib/python3/dist-packages/colcon_core/task/python/colcon_distutils_commands:/home/delta/ros2_ws/install/drive/lib/python3.10/site-packages:${PYTHONPATH} /usr/bin/python3 -W ignore:setup.py install is deprecated setup.py develop --editable --build-directory /home/delta/ros2_ws/build/drive/build --no-deps symlink_data
