[0.458s] DEBUG:colcon:Command line arguments: ['/usr/bin/colcon', 'build', '--packages-select', 'positioning']
[0.459s] DEBUG:colcon:Parsed command line arguments: Namespace(log_base=None, log_level=None, verb_name='build', build_base='build', install_base='install', merge_install=False, symlink_install=False, test_result_base=None, continue_on_error=False, executor='parallel', parallel_workers=4, event_handlers=None, ignore_user_meta=False, metas=['./colcon.meta'], base_paths=['.'], packages_ignore=None, packages_ignore_regex=None, paths=None, packages_up_to=None, packages_up_to_regex=None, packages_above=None, packages_above_and_dependencies=None, packages_above_depth=None, packages_select_by_dep=None, packages_skip_by_dep=None, packages_skip_up_to=None, packages_select_build_failed=False, packages_skip_build_finished=False, packages_select_test_failures=False, packages_skip_test_passed=False, packages_select=['positioning'], packages_skip=None, packages_select_regex=None, packages_skip_regex=None, packages_start=None, packages_end=None, allow_overriding=[], cmake_args=None, cmake_target=None, cmake_target_skip_unavailable=False, cmake_clean_cache=False, cmake_clean_first=False, cmake_force_configure=False, ament_cmake_args=None, catkin_cmake_args=None, catkin_skip_building_tests=False, mixin_files=None, mixin=None, verb_parser=<colcon_mixin.mixin.mixin_argument.MixinArgumentDecorator object at 0xffffb27ee2c0>, verb_extension=<colcon_core.verb.build.BuildVerb object at 0xffffb28ee980>, main=<bound method BuildVerb.main of <colcon_core.verb.build.BuildVerb object at 0xffffb28ee980>>, mixin_verb=('build',))
[1.306s] Level 1:colcon.colcon_core.package_discovery:discover_packages(colcon_meta) check parameters
[1.306s] Level 1:colcon.colcon_core.package_discovery:discover_packages(recursive) check parameters
[1.307s] Level 1:colcon.colcon_core.package_discovery:discover_packages(ignore) check parameters
[1.307s] Level 1:colcon.colcon_core.package_discovery:discover_packages(path) check parameters
[1.307s] Level 1:colcon.colcon_core.package_discovery:discover_packages(colcon_meta) discover
[1.307s] Level 1:colcon.colcon_core.package_discovery:discover_packages(recursive) discover
[1.307s] INFO:colcon.colcon_core.package_discovery:Crawling recursively for packages in '/home/delta/ros2_ws'
[1.308s] Level 1:colcon.colcon_core.package_identification:_identify(.) by extensions ['ignore', 'ignore_ament_install']
[1.308s] Level 1:colcon.colcon_core.package_identification:_identify(.) by extension 'ignore'
[1.308s] Level 1:colcon.colcon_core.package_identification:_identify(.) by extension 'ignore_ament_install'
[1.309s] Level 1:colcon.colcon_core.package_identification:_identify(.) by extensions ['colcon_pkg']
[1.309s] Level 1:colcon.colcon_core.package_identification:_identify(.) by extension 'colcon_pkg'
[1.309s] Level 1:colcon.colcon_core.package_identification:_identify(.) by extensions ['colcon_meta']
[1.309s] Level 1:colcon.colcon_core.package_identification:_identify(.) by extension 'colcon_meta'
[1.309s] Level 1:colcon.colcon_core.package_identification:_identify(.) by extensions ['ros']
[1.309s] Level 1:colcon.colcon_core.package_identification:_identify(.) by extension 'ros'
[1.355s] Level 1:colcon.colcon_core.package_identification:_identify(.) by extensions ['cmake', 'python']
[1.355s] Level 1:colcon.colcon_core.package_identification:_identify(.) by extension 'cmake'
[1.355s] Level 1:colcon.colcon_core.package_identification:_identify(.) by extension 'python'
[1.355s] Level 1:colcon.colcon_core.package_identification:_identify(.) by extensions ['python_setup_py']
[1.355s] Level 1:colcon.colcon_core.package_identification:_identify(.) by extension 'python_setup_py'
[1.356s] Level 1:colcon.colcon_core.package_identification:_identify(arduino) by extensions ['ignore', 'ignore_ament_install']
[1.356s] Level 1:colcon.colcon_core.package_identification:_identify(arduino) by extension 'ignore'
[1.357s] Level 1:colcon.colcon_core.package_identification:_identify(arduino) by extension 'ignore_ament_install'
[1.357s] Level 1:colcon.colcon_core.package_identification:_identify(arduino) by extensions ['colcon_pkg']
[1.357s] Level 1:colcon.colcon_core.package_identification:_identify(arduino) by extension 'colcon_pkg'
[1.357s] Level 1:colcon.colcon_core.package_identification:_identify(arduino) by extensions ['colcon_meta']
[1.357s] Level 1:colcon.colcon_core.package_identification:_identify(arduino) by extension 'colcon_meta'
[1.358s] Level 1:colcon.colcon_core.package_identification:_identify(arduino) by extensions ['ros']
[1.358s] Level 1:colcon.colcon_core.package_identification:_identify(arduino) by extension 'ros'
[1.358s] Level 1:colcon.colcon_core.package_identification:_identify(arduino) by extensions ['cmake', 'python']
[1.358s] Level 1:colcon.colcon_core.package_identification:_identify(arduino) by extension 'cmake'
[1.358s] Level 1:colcon.colcon_core.package_identification:_identify(arduino) by extension 'python'
[1.359s] Level 1:colcon.colcon_core.package_identification:_identify(arduino) by extensions ['python_setup_py']
[1.359s] Level 1:colcon.colcon_core.package_identification:_identify(arduino) by extension 'python_setup_py'
[1.359s] Level 1:colcon.colcon_core.package_identification:_identify(bin) by extensions ['ignore', 'ignore_ament_install']
[1.360s] Level 1:colcon.colcon_core.package_identification:_identify(bin) by extension 'ignore'
[1.360s] Level 1:colcon.colcon_core.package_identification:_identify(bin) by extension 'ignore_ament_install'
[1.360s] Level 1:colcon.colcon_core.package_identification:_identify(bin) by extensions ['colcon_pkg']
[1.360s] Level 1:colcon.colcon_core.package_identification:_identify(bin) by extension 'colcon_pkg'
[1.360s] Level 1:colcon.colcon_core.package_identification:_identify(bin) by extensions ['colcon_meta']
[1.361s] Level 1:colcon.colcon_core.package_identification:_identify(bin) by extension 'colcon_meta'
[1.361s] Level 1:colcon.colcon_core.package_identification:_identify(bin) by extensions ['ros']
[1.361s] Level 1:colcon.colcon_core.package_identification:_identify(bin) by extension 'ros'
[1.361s] Level 1:colcon.colcon_core.package_identification:_identify(bin) by extensions ['cmake', 'python']
[1.361s] Level 1:colcon.colcon_core.package_identification:_identify(bin) by extension 'cmake'
[1.361s] Level 1:colcon.colcon_core.package_identification:_identify(bin) by extension 'python'
[1.362s] Level 1:colcon.colcon_core.package_identification:_identify(bin) by extensions ['python_setup_py']
[1.362s] Level 1:colcon.colcon_core.package_identification:_identify(bin) by extension 'python_setup_py'
[1.362s] Level 1:colcon.colcon_core.package_identification:_identify(build) by extensions ['ignore', 'ignore_ament_install']
[1.363s] Level 1:colcon.colcon_core.package_identification:_identify(build) by extension 'ignore'
[1.363s] Level 1:colcon.colcon_core.package_identification:_identify(build) ignored
[1.363s] Level 1:colcon.colcon_core.package_identification:_identify(install) by extensions ['ignore', 'ignore_ament_install']
[1.364s] Level 1:colcon.colcon_core.package_identification:_identify(install) by extension 'ignore'
[1.364s] Level 1:colcon.colcon_core.package_identification:_identify(install) ignored
[1.364s] Level 1:colcon.colcon_core.package_identification:_identify(log) by extensions ['ignore', 'ignore_ament_install']
[1.365s] Level 1:colcon.colcon_core.package_identification:_identify(log) by extension 'ignore'
[1.365s] Level 1:colcon.colcon_core.package_identification:_identify(log) ignored
[1.365s] Level 1:colcon.colcon_core.package_identification:_identify(src) by extensions ['ignore', 'ignore_ament_install']
[1.366s] Level 1:colcon.colcon_core.package_identification:_identify(src) by extension 'ignore'
[1.366s] Level 1:colcon.colcon_core.package_identification:_identify(src) by extension 'ignore_ament_install'
[1.366s] Level 1:colcon.colcon_core.package_identification:_identify(src) by extensions ['colcon_pkg']
[1.366s] Level 1:colcon.colcon_core.package_identification:_identify(src) by extension 'colcon_pkg'
[1.366s] Level 1:colcon.colcon_core.package_identification:_identify(src) by extensions ['colcon_meta']
[1.367s] Level 1:colcon.colcon_core.package_identification:_identify(src) by extension 'colcon_meta'
[1.367s] Level 1:colcon.colcon_core.package_identification:_identify(src) by extensions ['ros']
[1.367s] Level 1:colcon.colcon_core.package_identification:_identify(src) by extension 'ros'
[1.367s] Level 1:colcon.colcon_core.package_identification:_identify(src) by extensions ['cmake', 'python']
[1.367s] Level 1:colcon.colcon_core.package_identification:_identify(src) by extension 'cmake'
[1.368s] Level 1:colcon.colcon_core.package_identification:_identify(src) by extension 'python'
[1.368s] Level 1:colcon.colcon_core.package_identification:_identify(src) by extensions ['python_setup_py']
[1.368s] Level 1:colcon.colcon_core.package_identification:_identify(src) by extension 'python_setup_py'
[1.368s] Level 1:colcon.colcon_core.package_identification:_identify(src/drive) by extensions ['ignore', 'ignore_ament_install']
[1.369s] Level 1:colcon.colcon_core.package_identification:_identify(src/drive) by extension 'ignore'
[1.369s] Level 1:colcon.colcon_core.package_identification:_identify(src/drive) by extension 'ignore_ament_install'
[1.369s] Level 1:colcon.colcon_core.package_identification:_identify(src/drive) by extensions ['colcon_pkg']
[1.369s] Level 1:colcon.colcon_core.package_identification:_identify(src/drive) by extension 'colcon_pkg'
[1.370s] Level 1:colcon.colcon_core.package_identification:_identify(src/drive) by extensions ['colcon_meta']
[1.370s] Level 1:colcon.colcon_core.package_identification:_identify(src/drive) by extension 'colcon_meta'
[1.370s] Level 1:colcon.colcon_core.package_identification:_identify(src/drive) by extensions ['ros']
[1.370s] Level 1:colcon.colcon_core.package_identification:_identify(src/drive) by extension 'ros'
[1.379s] DEBUG:colcon.colcon_core.package_identification:Package 'src/drive' with type 'ros.ament_python' and name 'drive'
[1.380s] Level 1:colcon.colcon_core.package_identification:_identify(src/positioning) by extensions ['ignore', 'ignore_ament_install']
[1.380s] Level 1:colcon.colcon_core.package_identification:_identify(src/positioning) by extension 'ignore'
[1.380s] Level 1:colcon.colcon_core.package_identification:_identify(src/positioning) by extension 'ignore_ament_install'
[1.381s] Level 1:colcon.colcon_core.package_identification:_identify(src/positioning) by extensions ['colcon_pkg']
[1.381s] Level 1:colcon.colcon_core.package_identification:_identify(src/positioning) by extension 'colcon_pkg'
[1.381s] Level 1:colcon.colcon_core.package_identification:_identify(src/positioning) by extensions ['colcon_meta']
[1.381s] Level 1:colcon.colcon_core.package_identification:_identify(src/positioning) by extension 'colcon_meta'
[1.381s] Level 1:colcon.colcon_core.package_identification:_identify(src/positioning) by extensions ['ros']
[1.381s] Level 1:colcon.colcon_core.package_identification:_identify(src/positioning) by extension 'ros'
[1.385s] DEBUG:colcon.colcon_core.package_identification:Package 'src/positioning' with type 'ros.ament_python' and name 'positioning'
[1.386s] Level 1:colcon.colcon_core.package_identification:_identify(test0) by extensions ['ignore', 'ignore_ament_install']
[1.386s] Level 1:colcon.colcon_core.package_identification:_identify(test0) by extension 'ignore'
[1.387s] Level 1:colcon.colcon_core.package_identification:_identify(test0) by extension 'ignore_ament_install'
[1.387s] Level 1:colcon.colcon_core.package_identification:_identify(test0) by extensions ['colcon_pkg']
[1.387s] Level 1:colcon.colcon_core.package_identification:_identify(test0) by extension 'colcon_pkg'
[1.387s] Level 1:colcon.colcon_core.package_identification:_identify(test0) by extensions ['colcon_meta']
[1.387s] Level 1:colcon.colcon_core.package_identification:_identify(test0) by extension 'colcon_meta'
[1.388s] Level 1:colcon.colcon_core.package_identification:_identify(test0) by extensions ['ros']
[1.388s] Level 1:colcon.colcon_core.package_identification:_identify(test0) by extension 'ros'
[1.388s] Level 1:colcon.colcon_core.package_identification:_identify(test0) by extensions ['cmake', 'python']
[1.388s] Level 1:colcon.colcon_core.package_identification:_identify(test0) by extension 'cmake'
[1.388s] Level 1:colcon.colcon_core.package_identification:_identify(test0) by extension 'python'
[1.389s] Level 1:colcon.colcon_core.package_identification:_identify(test0) by extensions ['python_setup_py']
[1.389s] Level 1:colcon.colcon_core.package_identification:_identify(test0) by extension 'python_setup_py'
[1.389s] Level 1:colcon.colcon_core.package_identification:_identify(test0/arduino) by extensions ['ignore', 'ignore_ament_install']
[1.390s] Level 1:colcon.colcon_core.package_identification:_identify(test0/arduino) by extension 'ignore'
[1.390s] Level 1:colcon.colcon_core.package_identification:_identify(test0/arduino) by extension 'ignore_ament_install'
[1.391s] Level 1:colcon.colcon_core.package_identification:_identify(test0/arduino) by extensions ['colcon_pkg']
[1.391s] Level 1:colcon.colcon_core.package_identification:_identify(test0/arduino) by extension 'colcon_pkg'
[1.391s] Level 1:colcon.colcon_core.package_identification:_identify(test0/arduino) by extensions ['colcon_meta']
[1.392s] Level 1:colcon.colcon_core.package_identification:_identify(test0/arduino) by extension 'colcon_meta'
[1.392s] Level 1:colcon.colcon_core.package_identification:_identify(test0/arduino) by extensions ['ros']
[1.392s] Level 1:colcon.colcon_core.package_identification:_identify(test0/arduino) by extension 'ros'
[1.392s] Level 1:colcon.colcon_core.package_identification:_identify(test0/arduino) by extensions ['cmake', 'python']
[1.392s] Level 1:colcon.colcon_core.package_identification:_identify(test0/arduino) by extension 'cmake'
[1.393s] Level 1:colcon.colcon_core.package_identification:_identify(test0/arduino) by extension 'python'
[1.393s] Level 1:colcon.colcon_core.package_identification:_identify(test0/arduino) by extensions ['python_setup_py']
[1.393s] Level 1:colcon.colcon_core.package_identification:_identify(test0/arduino) by extension 'python_setup_py'
[1.393s] Level 1:colcon.colcon_core.package_identification:_identify(test0/arduino/1) by extensions ['ignore', 'ignore_ament_install']
[1.394s] Level 1:colcon.colcon_core.package_identification:_identify(test0/arduino/1) by extension 'ignore'
[1.394s] Level 1:colcon.colcon_core.package_identification:_identify(test0/arduino/1) by extension 'ignore_ament_install'
[1.394s] Level 1:colcon.colcon_core.package_identification:_identify(test0/arduino/1) by extensions ['colcon_pkg']
[1.394s] Level 1:colcon.colcon_core.package_identification:_identify(test0/arduino/1) by extension 'colcon_pkg'
[1.395s] Level 1:colcon.colcon_core.package_identification:_identify(test0/arduino/1) by extensions ['colcon_meta']
[1.395s] Level 1:colcon.colcon_core.package_identification:_identify(test0/arduino/1) by extension 'colcon_meta'
[1.395s] Level 1:colcon.colcon_core.package_identification:_identify(test0/arduino/1) by extensions ['ros']
[1.395s] Level 1:colcon.colcon_core.package_identification:_identify(test0/arduino/1) by extension 'ros'
[1.395s] Level 1:colcon.colcon_core.package_identification:_identify(test0/arduino/1) by extensions ['cmake', 'python']
[1.396s] Level 1:colcon.colcon_core.package_identification:_identify(test0/arduino/1) by extension 'cmake'
[1.396s] Level 1:colcon.colcon_core.package_identification:_identify(test0/arduino/1) by extension 'python'
[1.396s] Level 1:colcon.colcon_core.package_identification:_identify(test0/arduino/1) by extensions ['python_setup_py']
[1.396s] Level 1:colcon.colcon_core.package_identification:_identify(test0/arduino/1) by extension 'python_setup_py'
[1.396s] Level 1:colcon.colcon_core.package_identification:_identify(test0/arduino/2) by extensions ['ignore', 'ignore_ament_install']
[1.397s] Level 1:colcon.colcon_core.package_identification:_identify(test0/arduino/2) by extension 'ignore'
[1.397s] Level 1:colcon.colcon_core.package_identification:_identify(test0/arduino/2) by extension 'ignore_ament_install'
[1.397s] Level 1:colcon.colcon_core.package_identification:_identify(test0/arduino/2) by extensions ['colcon_pkg']
[1.397s] Level 1:colcon.colcon_core.package_identification:_identify(test0/arduino/2) by extension 'colcon_pkg'
[1.398s] Level 1:colcon.colcon_core.package_identification:_identify(test0/arduino/2) by extensions ['colcon_meta']
[1.398s] Level 1:colcon.colcon_core.package_identification:_identify(test0/arduino/2) by extension 'colcon_meta'
[1.398s] Level 1:colcon.colcon_core.package_identification:_identify(test0/arduino/2) by extensions ['ros']
[1.398s] Level 1:colcon.colcon_core.package_identification:_identify(test0/arduino/2) by extension 'ros'
[1.398s] Level 1:colcon.colcon_core.package_identification:_identify(test0/arduino/2) by extensions ['cmake', 'python']
[1.399s] Level 1:colcon.colcon_core.package_identification:_identify(test0/arduino/2) by extension 'cmake'
[1.399s] Level 1:colcon.colcon_core.package_identification:_identify(test0/arduino/2) by extension 'python'
[1.399s] Level 1:colcon.colcon_core.package_identification:_identify(test0/arduino/2) by extensions ['python_setup_py']
[1.399s] Level 1:colcon.colcon_core.package_identification:_identify(test0/arduino/2) by extension 'python_setup_py'
[1.400s] Level 1:colcon.colcon_core.package_identification:_identify(test0/arduino/3) by extensions ['ignore', 'ignore_ament_install']
[1.400s] Level 1:colcon.colcon_core.package_identification:_identify(test0/arduino/3) by extension 'ignore'
[1.400s] Level 1:colcon.colcon_core.package_identification:_identify(test0/arduino/3) by extension 'ignore_ament_install'
[1.400s] Level 1:colcon.colcon_core.package_identification:_identify(test0/arduino/3) by extensions ['colcon_pkg']
[1.401s] Level 1:colcon.colcon_core.package_identification:_identify(test0/arduino/3) by extension 'colcon_pkg'
[1.401s] Level 1:colcon.colcon_core.package_identification:_identify(test0/arduino/3) by extensions ['colcon_meta']
[1.401s] Level 1:colcon.colcon_core.package_identification:_identify(test0/arduino/3) by extension 'colcon_meta'
[1.401s] Level 1:colcon.colcon_core.package_identification:_identify(test0/arduino/3) by extensions ['ros']
[1.401s] Level 1:colcon.colcon_core.package_identification:_identify(test0/arduino/3) by extension 'ros'
[1.401s] Level 1:colcon.colcon_core.package_identification:_identify(test0/arduino/3) by extensions ['cmake', 'python']
[1.402s] Level 1:colcon.colcon_core.package_identification:_identify(test0/arduino/3) by extension 'cmake'
[1.402s] Level 1:colcon.colcon_core.package_identification:_identify(test0/arduino/3) by extension 'python'
[1.402s] Level 1:colcon.colcon_core.package_identification:_identify(test0/arduino/3) by extensions ['python_setup_py']
[1.402s] Level 1:colcon.colcon_core.package_identification:_identify(test0/arduino/3) by extension 'python_setup_py'
[1.403s] Level 1:colcon.colcon_core.package_identification:_identify(test0/arduino/clean) by extensions ['ignore', 'ignore_ament_install']
[1.403s] Level 1:colcon.colcon_core.package_identification:_identify(test0/arduino/clean) by extension 'ignore'
[1.403s] Level 1:colcon.colcon_core.package_identification:_identify(test0/arduino/clean) by extension 'ignore_ament_install'
[1.403s] Level 1:colcon.colcon_core.package_identification:_identify(test0/arduino/clean) by extensions ['colcon_pkg']
[1.404s] Level 1:colcon.colcon_core.package_identification:_identify(test0/arduino/clean) by extension 'colcon_pkg'
[1.404s] Level 1:colcon.colcon_core.package_identification:_identify(test0/arduino/clean) by extensions ['colcon_meta']
[1.404s] Level 1:colcon.colcon_core.package_identification:_identify(test0/arduino/clean) by extension 'colcon_meta'
[1.404s] Level 1:colcon.colcon_core.package_identification:_identify(test0/arduino/clean) by extensions ['ros']
[1.404s] Level 1:colcon.colcon_core.package_identification:_identify(test0/arduino/clean) by extension 'ros'
[1.405s] Level 1:colcon.colcon_core.package_identification:_identify(test0/arduino/clean) by extensions ['cmake', 'python']
[1.405s] Level 1:colcon.colcon_core.package_identification:_identify(test0/arduino/clean) by extension 'cmake'
[1.405s] Level 1:colcon.colcon_core.package_identification:_identify(test0/arduino/clean) by extension 'python'
[1.405s] Level 1:colcon.colcon_core.package_identification:_identify(test0/arduino/clean) by extensions ['python_setup_py']
[1.405s] Level 1:colcon.colcon_core.package_identification:_identify(test0/arduino/clean) by extension 'python_setup_py'
[1.406s] Level 1:colcon.colcon_core.package_identification:_identify(test0/arduino/test) by extensions ['ignore', 'ignore_ament_install']
[1.406s] Level 1:colcon.colcon_core.package_identification:_identify(test0/arduino/test) by extension 'ignore'
[1.406s] Level 1:colcon.colcon_core.package_identification:_identify(test0/arduino/test) by extension 'ignore_ament_install'
[1.407s] Level 1:colcon.colcon_core.package_identification:_identify(test0/arduino/test) by extensions ['colcon_pkg']
[1.407s] Level 1:colcon.colcon_core.package_identification:_identify(test0/arduino/test) by extension 'colcon_pkg'
[1.407s] Level 1:colcon.colcon_core.package_identification:_identify(test0/arduino/test) by extensions ['colcon_meta']
[1.407s] Level 1:colcon.colcon_core.package_identification:_identify(test0/arduino/test) by extension 'colcon_meta'
[1.407s] Level 1:colcon.colcon_core.package_identification:_identify(test0/arduino/test) by extensions ['ros']
[1.407s] Level 1:colcon.colcon_core.package_identification:_identify(test0/arduino/test) by extension 'ros'
[1.408s] Level 1:colcon.colcon_core.package_identification:_identify(test0/arduino/test) by extensions ['cmake', 'python']
[1.408s] Level 1:colcon.colcon_core.package_identification:_identify(test0/arduino/test) by extension 'cmake'
[1.408s] Level 1:colcon.colcon_core.package_identification:_identify(test0/arduino/test) by extension 'python'
[1.408s] Level 1:colcon.colcon_core.package_identification:_identify(test0/arduino/test) by extensions ['python_setup_py']
[1.408s] Level 1:colcon.colcon_core.package_identification:_identify(test0/arduino/test) by extension 'python_setup_py'
[1.409s] Level 1:colcon.colcon_core.package_identification:_identify(test0/python) by extensions ['ignore', 'ignore_ament_install']
[1.409s] Level 1:colcon.colcon_core.package_identification:_identify(test0/python) by extension 'ignore'
[1.410s] Level 1:colcon.colcon_core.package_identification:_identify(test0/python) by extension 'ignore_ament_install'
[1.410s] Level 1:colcon.colcon_core.package_identification:_identify(test0/python) by extensions ['colcon_pkg']
[1.410s] Level 1:colcon.colcon_core.package_identification:_identify(test0/python) by extension 'colcon_pkg'
[1.410s] Level 1:colcon.colcon_core.package_identification:_identify(test0/python) by extensions ['colcon_meta']
[1.410s] Level 1:colcon.colcon_core.package_identification:_identify(test0/python) by extension 'colcon_meta'
[1.410s] Level 1:colcon.colcon_core.package_identification:_identify(test0/python) by extensions ['ros']
[1.411s] Level 1:colcon.colcon_core.package_identification:_identify(test0/python) by extension 'ros'
[1.411s] Level 1:colcon.colcon_core.package_identification:_identify(test0/python) by extensions ['cmake', 'python']
[1.411s] Level 1:colcon.colcon_core.package_identification:_identify(test0/python) by extension 'cmake'
[1.411s] Level 1:colcon.colcon_core.package_identification:_identify(test0/python) by extension 'python'
[1.411s] Level 1:colcon.colcon_core.package_identification:_identify(test0/python) by extensions ['python_setup_py']
[1.412s] Level 1:colcon.colcon_core.package_identification:_identify(test0/python) by extension 'python_setup_py'
[1.412s] Level 1:colcon.colcon_core.package_identification:_identify(test0/python/__pycache__) by extensions ['ignore', 'ignore_ament_install']
[1.412s] Level 1:colcon.colcon_core.package_identification:_identify(test0/python/__pycache__) by extension 'ignore'
[1.413s] Level 1:colcon.colcon_core.package_identification:_identify(test0/python/__pycache__) by extension 'ignore_ament_install'
[1.413s] Level 1:colcon.colcon_core.package_identification:_identify(test0/python/__pycache__) by extensions ['colcon_pkg']
[1.413s] Level 1:colcon.colcon_core.package_identification:_identify(test0/python/__pycache__) by extension 'colcon_pkg'
[1.413s] Level 1:colcon.colcon_core.package_identification:_identify(test0/python/__pycache__) by extensions ['colcon_meta']
[1.413s] Level 1:colcon.colcon_core.package_identification:_identify(test0/python/__pycache__) by extension 'colcon_meta'
[1.414s] Level 1:colcon.colcon_core.package_identification:_identify(test0/python/__pycache__) by extensions ['ros']
[1.414s] Level 1:colcon.colcon_core.package_identification:_identify(test0/python/__pycache__) by extension 'ros'
[1.414s] Level 1:colcon.colcon_core.package_identification:_identify(test0/python/__pycache__) by extensions ['cmake', 'python']
[1.414s] Level 1:colcon.colcon_core.package_identification:_identify(test0/python/__pycache__) by extension 'cmake'
[1.414s] Level 1:colcon.colcon_core.package_identification:_identify(test0/python/__pycache__) by extension 'python'
[1.415s] Level 1:colcon.colcon_core.package_identification:_identify(test0/python/__pycache__) by extensions ['python_setup_py']
[1.415s] Level 1:colcon.colcon_core.package_identification:_identify(test0/python/__pycache__) by extension 'python_setup_py'
[1.415s] Level 1:colcon.colcon_core.package_discovery:discover_packages(recursive) using defaults
[1.415s] Level 1:colcon.colcon_core.package_discovery:discover_packages(ignore) discover
[1.415s] Level 1:colcon.colcon_core.package_discovery:discover_packages(ignore) using defaults
[1.415s] Level 1:colcon.colcon_core.package_discovery:discover_packages(path) discover
[1.415s] Level 1:colcon.colcon_core.package_discovery:discover_packages(path) using defaults
[1.529s] INFO:colcon.colcon_core.package_selection:Skipping not selected package 'drive' in 'src/drive'
[1.530s] Level 1:colcon.colcon_core.package_discovery:discover_packages(prefix_path) check parameters
[1.531s] Level 1:colcon.colcon_core.package_discovery:discover_packages(prefix_path) discover
[1.538s] DEBUG:colcon.colcon_installed_package_information.package_discovery:Found 1 installed packages in /home/delta/ros2_ws/install
[1.549s] DEBUG:colcon.colcon_installed_package_information.package_discovery:Found 334 installed packages in /opt/ros/humble
[1.556s] Level 1:colcon.colcon_core.package_discovery:discover_packages(prefix_path) using defaults
[1.752s] Level 5:colcon.colcon_core.verb:set package 'positioning' build argument 'cmake_args' from command line to 'None'
[1.752s] Level 5:colcon.colcon_core.verb:set package 'positioning' build argument 'cmake_target' from command line to 'None'
[1.752s] Level 5:colcon.colcon_core.verb:set package 'positioning' build argument 'cmake_target_skip_unavailable' from command line to 'False'
[1.752s] Level 5:colcon.colcon_core.verb:set package 'positioning' build argument 'cmake_clean_cache' from command line to 'False'
[1.752s] Level 5:colcon.colcon_core.verb:set package 'positioning' build argument 'cmake_clean_first' from command line to 'False'
[1.753s] Level 5:colcon.colcon_core.verb:set package 'positioning' build argument 'cmake_force_configure' from command line to 'False'
[1.753s] Level 5:colcon.colcon_core.verb:set package 'positioning' build argument 'ament_cmake_args' from command line to 'None'
[1.753s] Level 5:colcon.colcon_core.verb:set package 'positioning' build argument 'catkin_cmake_args' from command line to 'None'
[1.753s] Level 5:colcon.colcon_core.verb:set package 'positioning' build argument 'catkin_skip_building_tests' from command line to 'False'
[1.753s] DEBUG:colcon.colcon_core.verb:Building package 'positioning' with the following arguments: {'ament_cmake_args': None, 'build_base': '/home/delta/ros2_ws/build/positioning', 'catkin_cmake_args': None, 'catkin_skip_building_tests': False, 'cmake_args': None, 'cmake_clean_cache': False, 'cmake_clean_first': False, 'cmake_force_configure': False, 'cmake_target': None, 'cmake_target_skip_unavailable': False, 'install_base': '/home/delta/ros2_ws/install/positioning', 'merge_install': False, 'path': '/home/delta/ros2_ws/src/positioning', 'symlink_install': False, 'test_result_base': None}
[1.754s] INFO:colcon.colcon_core.executor:Executing jobs using 'parallel' executor
[1.757s] DEBUG:colcon.colcon_parallel_executor.executor.parallel:run_until_complete
[1.758s] INFO:colcon.colcon_ros.task.ament_python.build:Building ROS package in '/home/delta/ros2_ws/src/positioning' with build type 'ament_python'
[1.759s] Level 1:colcon.colcon_core.shell:create_environment_hook('positioning', 'ament_prefix_path')
[1.769s] INFO:colcon.colcon_core.plugin_system:Skipping extension 'colcon_core.shell.bat': Not used on non-Windows systems
[1.770s] INFO:colcon.colcon_core.shell:Creating environment hook '/home/delta/ros2_ws/install/positioning/share/positioning/hook/ament_prefix_path.ps1'
[1.772s] INFO:colcon.colcon_core.shell:Creating environment descriptor '/home/delta/ros2_ws/install/positioning/share/positioning/hook/ament_prefix_path.dsv'
[1.774s] INFO:colcon.colcon_core.shell:Creating environment hook '/home/delta/ros2_ws/install/positioning/share/positioning/hook/ament_prefix_path.sh'
[1.778s] INFO:colcon.colcon_core.shell:Skip shell extension 'powershell' for command environment: Not usable outside of PowerShell
[1.778s] DEBUG:colcon.colcon_core.shell:Skip shell extension 'dsv' for command environment
[3.204s] INFO:colcon.colcon_core.task.python.build:Building Python package in '/home/delta/ros2_ws/src/positioning'
[3.205s] INFO:colcon.colcon_core.shell:Skip shell extension 'powershell' for command environment: Not usable outside of PowerShell
[3.205s] DEBUG:colcon.colcon_core.shell:Skip shell extension 'dsv' for command environment
[5.009s] DEBUG:colcon.colcon_core.event_handler.log_command:Invoking command in '/home/delta/ros2_ws/src/positioning': PYTHONPATH=/home/delta/ros2_ws/build/positioning/prefix_override:/usr/lib/python3/dist-packages/colcon_core/task/python/colcon_distutils_commands:/home/delta/ros2_ws/install/positioning/lib/python3.10/site-packages:${PYTHONPATH} /usr/bin/python3 -W ignore:setup.py install is deprecated setup.py egg_info --egg-base ../../build/positioning build --build-base /home/delta/ros2_ws/build/positioning/build install --record /home/delta/ros2_ws/build/positioning/install.log --single-version-externally-managed install_data
[6.510s] DEBUG:colcon.colcon_core.event_handler.log_command:Invoked command in '/home/delta/ros2_ws/src/positioning' returned '0': PYTHONPATH=/home/delta/ros2_ws/build/positioning/prefix_override:/usr/lib/python3/dist-packages/colcon_core/task/python/colcon_distutils_commands:/home/delta/ros2_ws/install/positioning/lib/python3.10/site-packages:${PYTHONPATH} /usr/bin/python3 -W ignore:setup.py install is deprecated setup.py egg_info --egg-base ../../build/positioning build --build-base /home/delta/ros2_ws/build/positioning/build install --record /home/delta/ros2_ws/build/positioning/install.log --single-version-externally-managed install_data
[6.520s] Level 1:colcon.colcon_core.environment:checking '/home/delta/ros2_ws/install/positioning' for CMake module files
[6.523s] Level 1:colcon.colcon_core.environment:checking '/home/delta/ros2_ws/install/positioning' for CMake config files
[6.527s] Level 1:colcon.colcon_core.environment:checking '/home/delta/ros2_ws/install/positioning/lib'
[6.528s] Level 1:colcon.colcon_core.environment:checking '/home/delta/ros2_ws/install/positioning/bin'
[6.529s] Level 1:colcon.colcon_core.environment:checking '/home/delta/ros2_ws/install/positioning/lib/pkgconfig/positioning.pc'
[6.530s] Level 1:colcon.colcon_core.environment:checking '/home/delta/ros2_ws/install/positioning/lib/python3.10/site-packages'
[6.530s] Level 1:colcon.colcon_core.shell:create_environment_hook('positioning', 'pythonpath')
[6.532s] INFO:colcon.colcon_core.shell:Creating environment hook '/home/delta/ros2_ws/install/positioning/share/positioning/hook/pythonpath.ps1'
[6.534s] INFO:colcon.colcon_core.shell:Creating environment descriptor '/home/delta/ros2_ws/install/positioning/share/positioning/hook/pythonpath.dsv'
[6.536s] INFO:colcon.colcon_core.shell:Creating environment hook '/home/delta/ros2_ws/install/positioning/share/positioning/hook/pythonpath.sh'
[6.539s] Level 1:colcon.colcon_core.environment:checking '/home/delta/ros2_ws/install/positioning/bin'
[6.540s] Level 1:colcon.colcon_core.environment:create_environment_scripts_only(positioning)
[6.542s] INFO:colcon.colcon_core.shell:Creating package script '/home/delta/ros2_ws/install/positioning/share/positioning/package.ps1'
[6.546s] INFO:colcon.colcon_core.shell:Creating package descriptor '/home/delta/ros2_ws/install/positioning/share/positioning/package.dsv'
[6.549s] INFO:colcon.colcon_core.shell:Creating package script '/home/delta/ros2_ws/install/positioning/share/positioning/package.sh'
[6.553s] INFO:colcon.colcon_core.shell:Creating package script '/home/delta/ros2_ws/install/positioning/share/positioning/package.bash'
[6.556s] INFO:colcon.colcon_core.shell:Creating package script '/home/delta/ros2_ws/install/positioning/share/positioning/package.zsh'
[6.559s] Level 1:colcon.colcon_core.environment:create_file_with_runtime_dependencies(/home/delta/ros2_ws/install/positioning/share/colcon-core/packages/positioning)
[6.560s] DEBUG:colcon.colcon_parallel_executor.executor.parallel:closing loop
[6.562s] DEBUG:colcon.colcon_parallel_executor.executor.parallel:loop closed
[6.562s] DEBUG:colcon.colcon_parallel_executor.executor.parallel:run_until_complete finished with '0'
[6.562s] DEBUG:colcon.colcon_core.event_reactor:joining thread
[6.586s] INFO:colcon.colcon_core.plugin_system:Skipping extension 'colcon_notification.desktop_notification.terminal_notifier': Not used on non-Darwin systems
[6.587s] INFO:colcon.colcon_core.plugin_system:Skipping extension 'colcon_notification.desktop_notification.win32': Not used on non-Windows systems
[6.587s] INFO:colcon.colcon_notification.desktop_notification:Sending desktop notification using 'notify2'
[6.592s] DEBUG:colcon.colcon_notification.desktop_notification.notify2:Failed to initialize notify2: org.freedesktop.DBus.Error.ServiceUnknown: The name org.freedesktop.Notifications was not provided by any .service files
[6.593s] DEBUG:colcon.colcon_core.event_reactor:joined thread
[6.594s] INFO:colcon.colcon_core.shell:Creating prefix script '/home/delta/ros2_ws/install/local_setup.ps1'
[6.598s] INFO:colcon.colcon_core.shell:Creating prefix util module '/home/delta/ros2_ws/install/_local_setup_util_ps1.py'
[6.605s] INFO:colcon.colcon_core.shell:Creating prefix chain script '/home/delta/ros2_ws/install/setup.ps1'
[6.610s] INFO:colcon.colcon_core.shell:Creating prefix script '/home/delta/ros2_ws/install/local_setup.sh'
[6.612s] INFO:colcon.colcon_core.shell:Creating prefix util module '/home/delta/ros2_ws/install/_local_setup_util_sh.py'
[6.615s] INFO:colcon.colcon_core.shell:Creating prefix chain script '/home/delta/ros2_ws/install/setup.sh'
[6.619s] INFO:colcon.colcon_core.shell:Creating prefix script '/home/delta/ros2_ws/install/local_setup.bash'
[6.621s] INFO:colcon.colcon_core.shell:Creating prefix chain script '/home/delta/ros2_ws/install/setup.bash'
[6.626s] INFO:colcon.colcon_core.shell:Creating prefix script '/home/delta/ros2_ws/install/local_setup.zsh'
[6.628s] INFO:colcon.colcon_core.shell:Creating prefix chain script '/home/delta/ros2_ws/install/setup.zsh'
