[3.075s] Invoking command in '/home/delta/ros2_ws/build/positioning': PYTHONPATH=/home/delta/ros2_ws/build/positioning/prefix_override:/usr/lib/python3/dist-packages/colcon_core/task/python/colcon_distutils_commands:/home/delta/ros2_ws/install/positioning/lib/python3.10/site-packages:${PYTHONPATH} /usr/bin/python3 -W ignore:setup.py install is deprecated setup.py develop --editable --build-directory /home/delta/ros2_ws/build/positioning/build --no-deps symlink_data
[4.392s] running develop
[4.394s] /usr/local/lib/python3.10/dist-packages/setuptools/command/easy_install.py:156: EasyInstallDeprecationWarning: easy_install command is deprecated. Use build and pip and other standards-based tools.
[4.394s]   warnings.warn(
[5.315s] running egg_info
[5.316s] writing positioning.egg-info/PKG-INFO
[5.318s] writing dependency_links to positioning.egg-info/dependency_links.txt
[5.319s] writing entry points to positioning.egg-info/entry_points.txt
[5.319s] writing requirements to positioning.egg-info/requires.txt
[5.320s] writing top-level names to positioning.egg-info/top_level.txt
[5.328s] reading manifest file 'positioning.egg-info/SOURCES.txt'
[5.332s] writing manifest file 'positioning.egg-info/SOURCES.txt'
[5.338s] running build_ext
[5.339s] Creating /home/delta/ros2_ws/install/positioning/lib/python3.10/site-packages/positioning.egg-link (link to .)
[5.343s] Installing gps_node script to /home/delta/ros2_ws/install/positioning/lib/positioning
[5.344s] Installing gsm_position_node script to /home/delta/ros2_ws/install/positioning/lib/positioning
[5.344s] Installing imu_node script to /home/delta/ros2_ws/install/positioning/lib/positioning
[5.345s] Installing lidar_localization_node script to /home/delta/ros2_ws/install/positioning/lib/positioning
[5.346s] Installing nav2_interface_node script to /home/delta/ros2_ws/install/positioning/lib/positioning
[5.347s] Installing position_monitor_node script to /home/delta/ros2_ws/install/positioning/lib/positioning
[5.348s] Installing sensor_fusion_node script to /home/delta/ros2_ws/install/positioning/lib/positioning
[5.349s] 
[5.350s] Installed /home/delta/ros2_ws/build/positioning
[5.350s] running symlink_data
[5.490s] Invoked command in '/home/delta/ros2_ws/build/positioning' returned '0': PYTHONPATH=/home/delta/ros2_ws/build/positioning/prefix_override:/usr/lib/python3/dist-packages/colcon_core/task/python/colcon_distutils_commands:/home/delta/ros2_ws/install/positioning/lib/python3.10/site-packages:${PYTHONPATH} /usr/bin/python3 -W ignore:setup.py install is deprecated setup.py develop --editable --build-directory /home/delta/ros2_ws/build/positioning/build --no-deps symlink_data
