[3.032s] Invoking command in '/home/delta/ros2_ws/build/positioning': PYTHONPATH=/home/delta/ros2_ws/build/positioning/prefix_override:/usr/lib/python3/dist-packages/colcon_core/task/python/colcon_distutils_commands:/home/delta/ros2_ws/install/positioning/lib/python3.10/site-packages:${PYTHONPATH} /usr/bin/python3 -W ignore:setup.py install is deprecated setup.py develop --editable --build-directory /home/delta/ros2_ws/build/positioning/build --no-deps symlink_data
[4.361s] running develop
[4.363s] /usr/local/lib/python3.10/dist-packages/setuptools/command/easy_install.py:156: EasyInstallDeprecationWarning: easy_install command is deprecated. Use build and pip and other standards-based tools.
[4.363s]   warnings.warn(
[5.280s] running egg_info
[5.281s] writing positioning.egg-info/PKG-INFO
[5.282s] writing dependency_links to positioning.egg-info/dependency_links.txt
[5.283s] writing entry points to positioning.egg-info/entry_points.txt
[5.284s] writing requirements to positioning.egg-info/requires.txt
[5.285s] writing top-level names to positioning.egg-info/top_level.txt
[5.293s] reading manifest file 'positioning.egg-info/SOURCES.txt'
[5.297s] writing manifest file 'positioning.egg-info/SOURCES.txt'
[5.303s] running build_ext
[5.304s] Creating /home/delta/ros2_ws/install/positioning/lib/python3.10/site-packages/positioning.egg-link (link to .)
[5.307s] Installing gps_node script to /home/delta/ros2_ws/install/positioning/lib/positioning
[5.308s] Installing gsm_position_node script to /home/delta/ros2_ws/install/positioning/lib/positioning
[5.309s] Installing imu_node script to /home/delta/ros2_ws/install/positioning/lib/positioning
[5.310s] Installing lidar_localization_node script to /home/delta/ros2_ws/install/positioning/lib/positioning
[5.311s] Installing nav2_interface_node script to /home/delta/ros2_ws/install/positioning/lib/positioning
[5.311s] Installing position_monitor_node script to /home/delta/ros2_ws/install/positioning/lib/positioning
[5.312s] Installing sensor_fusion_node script to /home/delta/ros2_ws/install/positioning/lib/positioning
[5.314s] 
[5.314s] Installed /home/delta/ros2_ws/build/positioning
[5.314s] running symlink_data
[5.454s] Invoked command in '/home/delta/ros2_ws/build/positioning' returned '0': PYTHONPATH=/home/delta/ros2_ws/build/positioning/prefix_override:/usr/lib/python3/dist-packages/colcon_core/task/python/colcon_distutils_commands:/home/delta/ros2_ws/install/positioning/lib/python3.10/site-packages:${PYTHONPATH} /usr/bin/python3 -W ignore:setup.py install is deprecated setup.py develop --editable --build-directory /home/delta/ros2_ws/build/positioning/build --no-deps symlink_data
