[3.063s] Invoking command in '/home/delta/ros2_ws/build/positioning': PYTHONPATH=/home/delta/ros2_ws/build/positioning/prefix_override:/usr/lib/python3/dist-packages/colcon_core/task/python/colcon_distutils_commands:/home/delta/ros2_ws/install/positioning/lib/python3.10/site-packages:${PYTHONPATH} /usr/bin/python3 -W ignore:setup.py install is deprecated setup.py develop --editable --build-directory /home/delta/ros2_ws/build/positioning/build --no-deps symlink_data
[4.422s] running develop
[4.423s] /usr/local/lib/python3.10/dist-packages/setuptools/command/easy_install.py:156: EasyInstallDeprecationWarning: easy_install command is deprecated. Use build and pip and other standards-based tools.
[4.424s]   warnings.warn(
[5.378s] running egg_info
[5.379s] writing positioning.egg-info/PKG-INFO
[5.380s] writing dependency_links to positioning.egg-info/dependency_links.txt
[5.381s] writing entry points to positioning.egg-info/entry_points.txt
[5.382s] writing requirements to positioning.egg-info/requires.txt
[5.383s] writing top-level names to positioning.egg-info/top_level.txt
[5.391s] reading manifest file 'positioning.egg-info/SOURCES.txt'
[5.395s] writing manifest file 'positioning.egg-info/SOURCES.txt'
[5.401s] running build_ext
[5.402s] Creating /home/delta/ros2_ws/install/positioning/lib/python3.10/site-packages/positioning.egg-link (link to .)
[5.406s] Installing camera_odometry_node script to /home/delta/ros2_ws/install/positioning/lib/positioning
[5.407s] Installing gps_sensor_node script to /home/delta/ros2_ws/install/positioning/lib/positioning
[5.407s] Installing imu_sensor_node script to /home/delta/ros2_ws/install/positioning/lib/positioning
[5.408s] Installing position_estimator_node script to /home/delta/ros2_ws/install/positioning/lib/positioning
[5.409s] Installing sensor_fusion_node script to /home/delta/ros2_ws/install/positioning/lib/positioning
[5.410s] 
[5.411s] Installed /home/delta/ros2_ws/build/positioning
[5.411s] running symlink_data
[5.545s] Invoked command in '/home/delta/ros2_ws/build/positioning' returned '0': PYTHONPATH=/home/delta/ros2_ws/build/positioning/prefix_override:/usr/lib/python3/dist-packages/colcon_core/task/python/colcon_distutils_commands:/home/delta/ros2_ws/install/positioning/lib/python3.10/site-packages:${PYTHONPATH} /usr/bin/python3 -W ignore:setup.py install is deprecated setup.py develop --editable --build-directory /home/delta/ros2_ws/build/positioning/build --no-deps symlink_data
