[3.038s] Invoking command in '/home/delta/ros2_ws/build/positioning': PYTHONPATH=/home/delta/ros2_ws/build/positioning/prefix_override:/usr/lib/python3/dist-packages/colcon_core/task/python/colcon_distutils_commands:/home/delta/ros2_ws/install/positioning/lib/python3.10/site-packages:${PYTHONPATH} /usr/bin/python3 -W ignore:setup.py install is deprecated setup.py develop --editable --build-directory /home/delta/ros2_ws/build/positioning/build --no-deps symlink_data
[4.364s] running develop
[4.365s] /usr/local/lib/python3.10/dist-packages/setuptools/command/easy_install.py:156: EasyInstallDeprecationWarning: easy_install command is deprecated. Use build and pip and other standards-based tools.
[4.366s]   warnings.warn(
[5.284s] running egg_info
[5.298s] writing positioning.egg-info/PKG-INFO
[5.300s] writing dependency_links to positioning.egg-info/dependency_links.txt
[5.302s] writing entry points to positioning.egg-info/entry_points.txt
[5.303s] writing requirements to positioning.egg-info/requires.txt
[5.304s] writing top-level names to positioning.egg-info/top_level.txt
[5.315s] reading manifest file 'positioning.egg-info/SOURCES.txt'
[5.319s] writing manifest file 'positioning.egg-info/SOURCES.txt'
[5.324s] running build_ext
[5.325s] Creating /home/delta/ros2_ws/install/positioning/lib/python3.10/site-packages/positioning.egg-link (link to .)
[5.329s] Installing gps_node script to /home/delta/ros2_ws/install/positioning/lib/positioning
[5.330s] Installing gsm_position_node script to /home/delta/ros2_ws/install/positioning/lib/positioning
[5.331s] Installing imu_node script to /home/delta/ros2_ws/install/positioning/lib/positioning
[5.331s] Installing lidar_localization_node script to /home/delta/ros2_ws/install/positioning/lib/positioning
[5.332s] Installing nav2_interface_node script to /home/delta/ros2_ws/install/positioning/lib/positioning
[5.333s] Installing position_monitor_node script to /home/delta/ros2_ws/install/positioning/lib/positioning
[5.334s] Installing sensor_fusion_node script to /home/delta/ros2_ws/install/positioning/lib/positioning
[5.335s] 
[5.336s] Installed /home/delta/ros2_ws/build/positioning
[5.336s] running symlink_data
[5.476s] Invoked command in '/home/delta/ros2_ws/build/positioning' returned '0': PYTHONPATH=/home/delta/ros2_ws/build/positioning/prefix_override:/usr/lib/python3/dist-packages/colcon_core/task/python/colcon_distutils_commands:/home/delta/ros2_ws/install/positioning/lib/python3.10/site-packages:${PYTHONPATH} /usr/bin/python3 -W ignore:setup.py install is deprecated setup.py develop --editable --build-directory /home/delta/ros2_ws/build/positioning/build --no-deps symlink_data
