[3.050s] Invoking command in '/home/delta/ros2_ws/src/drive': PYTHONPATH=/home/delta/ros2_ws/build/drive/prefix_override:/usr/lib/python3/dist-packages/colcon_core/task/python/colcon_distutils_commands:/home/delta/ros2_ws/install/drive/lib/python3.10/site-packages:${PYTHONPATH} /usr/bin/python3 -W ignore:setup.py install is deprecated setup.py egg_info --egg-base ../../build/drive build --build-base /home/delta/ros2_ws/build/drive/build install --record /home/delta/ros2_ws/build/drive/install.log --single-version-externally-managed install_data
[4.306s] running egg_info
[4.309s] writing ../../build/drive/drive.egg-info/PKG-INFO
[4.310s] writing dependency_links to ../../build/drive/drive.egg-info/dependency_links.txt
[4.311s] writing entry points to ../../build/drive/drive.egg-info/entry_points.txt
[4.311s] writing requirements to ../../build/drive/drive.egg-info/requires.txt
[4.312s] writing top-level names to ../../build/drive/drive.egg-info/top_level.txt
[4.320s] reading manifest file '../../build/drive/drive.egg-info/SOURCES.txt'
[4.323s] writing manifest file '../../build/drive/drive.egg-info/SOURCES.txt'
[4.324s] running build
[4.325s] running build_py
[4.325s] copying drive/motor_controller_node.py -> /home/delta/ros2_ws/build/drive/build/lib/drive
[4.327s] running install
[4.329s] running install_lib
[4.333s] copying /home/delta/ros2_ws/build/drive/build/lib/drive/motor_controller_node.py -> /home/delta/ros2_ws/install/drive/lib/python3.10/site-packages/drive
[4.336s] byte-compiling /home/delta/ros2_ws/install/drive/lib/python3.10/site-packages/drive/motor_controller_node.py to motor_controller_node.cpython-310.pyc
[4.340s] running install_data
[4.341s] running install_egg_info
[4.348s] removing '/home/delta/ros2_ws/install/drive/lib/python3.10/site-packages/drive-0.0.1-py3.10.egg-info' (and everything under it)
[4.349s] Copying ../../build/drive/drive.egg-info to /home/delta/ros2_ws/install/drive/lib/python3.10/site-packages/drive-0.0.1-py3.10.egg-info
[4.354s] running install_scripts
[4.427s] Installing drive_control script to /home/delta/ros2_ws/install/drive/lib/drive
[4.429s] Installing motor_controller script to /home/delta/ros2_ws/install/drive/lib/drive
[4.429s] Installing motor_health_monitor script to /home/delta/ros2_ws/install/drive/lib/drive
[4.431s] writing list of installed files to '/home/delta/ros2_ws/build/drive/install.log'
[4.552s] Invoked command in '/home/delta/ros2_ws/src/drive' returned '0': PYTHONPATH=/home/delta/ros2_ws/build/drive/prefix_override:/usr/lib/python3/dist-packages/colcon_core/task/python/colcon_distutils_commands:/home/delta/ros2_ws/install/drive/lib/python3.10/site-packages:${PYTHONPATH} /usr/bin/python3 -W ignore:setup.py install is deprecated setup.py egg_info --egg-base ../../build/drive build --build-base /home/delta/ros2_ws/build/drive/build install --record /home/delta/ros2_ws/build/drive/install.log --single-version-externally-managed install_data
