[3.241s] Invoking command in '/home/delta/ros2_ws/src/positioning': PYTHONPATH=/home/delta/ros2_ws/build/positioning/prefix_override:/usr/lib/python3/dist-packages/colcon_core/task/python/colcon_distutils_commands:/home/delta/ros2_ws/install/positioning/lib/python3.10/site-packages:${PYTHONPATH} /usr/bin/python3 -W ignore:setup.py install is deprecated setup.py egg_info --egg-base ../../build/positioning build --build-base /home/delta/ros2_ws/build/positioning/build install --record /home/delta/ros2_ws/build/positioning/install.log --single-version-externally-managed install_data
[4.502s] running egg_info
[4.504s] writing ../../build/positioning/positioning.egg-info/PKG-INFO
[4.505s] writing dependency_links to ../../build/positioning/positioning.egg-info/dependency_links.txt
[4.506s] writing entry points to ../../build/positioning/positioning.egg-info/entry_points.txt
[4.507s] writing requirements to ../../build/positioning/positioning.egg-info/requires.txt
[4.508s] writing top-level names to ../../build/positioning/positioning.egg-info/top_level.txt
[4.516s] reading manifest file '../../build/positioning/positioning.egg-info/SOURCES.txt'
[4.519s] writing manifest file '../../build/positioning/positioning.egg-info/SOURCES.txt'
[4.520s] running build
[4.521s] running build_py
[4.521s] copying positioning/imu_node.py -> /home/delta/ros2_ws/build/positioning/build/lib/positioning
[4.523s] running install
[4.524s] running install_lib
[4.528s] copying /home/delta/ros2_ws/build/positioning/build/lib/positioning/imu_node.py -> /home/delta/ros2_ws/install/positioning/lib/python3.10/site-packages/positioning
[4.531s] byte-compiling /home/delta/ros2_ws/install/positioning/lib/python3.10/site-packages/positioning/imu_node.py to imu_node.cpython-310.pyc
[4.535s] running install_data
[4.536s] running install_egg_info
[4.544s] removing '/home/delta/ros2_ws/install/positioning/lib/python3.10/site-packages/positioning-0.0.0-py3.10.egg-info' (and everything under it)
[4.546s] Copying ../../build/positioning/positioning.egg-info to /home/delta/ros2_ws/install/positioning/lib/python3.10/site-packages/positioning-0.0.0-py3.10.egg-info
[4.551s] running install_scripts
[4.623s] Installing gps_node script to /home/delta/ros2_ws/install/positioning/lib/positioning
[4.624s] Installing gsm_position_node script to /home/delta/ros2_ws/install/positioning/lib/positioning
[4.625s] Installing imu_node script to /home/delta/ros2_ws/install/positioning/lib/positioning
[4.626s] Installing lidar_localization_node script to /home/delta/ros2_ws/install/positioning/lib/positioning
[4.626s] Installing nav2_interface_node script to /home/delta/ros2_ws/install/positioning/lib/positioning
[4.627s] Installing position_monitor_node script to /home/delta/ros2_ws/install/positioning/lib/positioning
[4.628s] Installing sensor_fusion_node script to /home/delta/ros2_ws/install/positioning/lib/positioning
[4.630s] writing list of installed files to '/home/delta/ros2_ws/build/positioning/install.log'
[4.749s] Invoked command in '/home/delta/ros2_ws/src/positioning' returned '0': PYTHONPATH=/home/delta/ros2_ws/build/positioning/prefix_override:/usr/lib/python3/dist-packages/colcon_core/task/python/colcon_distutils_commands:/home/delta/ros2_ws/install/positioning/lib/python3.10/site-packages:${PYTHONPATH} /usr/bin/python3 -W ignore:setup.py install is deprecated setup.py egg_info --egg-base ../../build/positioning build --build-base /home/delta/ros2_ws/build/positioning/build install --record /home/delta/ros2_ws/build/positioning/install.log --single-version-externally-managed install_data
