[3.039s] Invoking command in '/home/delta/ros2_ws/build/positioning': PYTHONPATH=/home/delta/ros2_ws/build/positioning/prefix_override:/usr/lib/python3/dist-packages/colcon_core/task/python/colcon_distutils_commands:/home/delta/ros2_ws/install/positioning/lib/python3.10/site-packages:${PYTHONPATH} /usr/bin/python3 -W ignore:setup.py install is deprecated setup.py develop --editable --build-directory /home/delta/ros2_ws/build/positioning/build --no-deps symlink_data
[4.442s] running develop
[4.443s] /usr/local/lib/python3.10/dist-packages/setuptools/command/easy_install.py:156: EasyInstallDeprecationWarning: easy_install command is deprecated. Use build and pip and other standards-based tools.
[4.443s]   warnings.warn(
[5.417s] running egg_info
[5.418s] writing positioning.egg-info/PKG-INFO
[5.419s] writing dependency_links to positioning.egg-info/dependency_links.txt
[5.420s] writing entry points to positioning.egg-info/entry_points.txt
[5.421s] writing requirements to positioning.egg-info/requires.txt
[5.422s] writing top-level names to positioning.egg-info/top_level.txt
[5.430s] reading manifest file 'positioning.egg-info/SOURCES.txt'
[5.434s] writing manifest file 'positioning.egg-info/SOURCES.txt'
[5.441s] running build_ext
[5.442s] Creating /home/delta/ros2_ws/install/positioning/lib/python3.10/site-packages/positioning.egg-link (link to .)
[5.447s] Installing gps_node script to /home/delta/ros2_ws/install/positioning/lib/positioning
[5.448s] Installing gsm_position_node script to /home/delta/ros2_ws/install/positioning/lib/positioning
[5.449s] Installing imu_node script to /home/delta/ros2_ws/install/positioning/lib/positioning
[5.450s] Installing lidar_localization_node script to /home/delta/ros2_ws/install/positioning/lib/positioning
[5.451s] Installing nav2_interface_node script to /home/delta/ros2_ws/install/positioning/lib/positioning
[5.451s] Installing position_monitor_node script to /home/delta/ros2_ws/install/positioning/lib/positioning
[5.452s] Installing sensor_fusion_node script to /home/delta/ros2_ws/install/positioning/lib/positioning
[5.454s] 
[5.454s] Installed /home/delta/ros2_ws/build/positioning
[5.455s] running symlink_data
[5.604s] Invoked command in '/home/delta/ros2_ws/build/positioning' returned '0': PYTHONPATH=/home/delta/ros2_ws/build/positioning/prefix_override:/usr/lib/python3/dist-packages/colcon_core/task/python/colcon_distutils_commands:/home/delta/ros2_ws/install/positioning/lib/python3.10/site-packages:${PYTHONPATH} /usr/bin/python3 -W ignore:setup.py install is deprecated setup.py develop --editable --build-directory /home/delta/ros2_ws/build/positioning/build --no-deps symlink_data
