/home/delta/ros2_ws/install/drive/lib/python3.10/site-packages/drive/motor_health_monitor_node.py
/home/delta/ros2_ws/install/drive/lib/python3.10/site-packages/drive/drive_control_node.py
/home/delta/ros2_ws/install/drive/lib/python3.10/site-packages/drive/motor_controller_node.py
/home/delta/ros2_ws/install/drive/lib/python3.10/site-packages/drive/__init__.py
/home/delta/ros2_ws/install/drive/lib/python3.10/site-packages/drive/__pycache__/motor_health_monitor_node.cpython-310.pyc
/home/delta/ros2_ws/install/drive/lib/python3.10/site-packages/drive/__pycache__/drive_control_node.cpython-310.pyc
/home/delta/ros2_ws/install/drive/lib/python3.10/site-packages/drive/__pycache__/motor_controller_node.cpython-310.pyc
/home/delta/ros2_ws/install/drive/lib/python3.10/site-packages/drive/__pycache__/__init__.cpython-310.pyc
/home/delta/ros2_ws/install/drive/share/ament_index/resource_index/packages/drive
/home/delta/ros2_ws/install/drive/share/drive/package.xml
/home/delta/ros2_ws/install/drive/share/drive/drive_launch.py
/home/delta/ros2_ws/install/drive/share/drive/config/drive_params.yaml
/home/delta/ros2_ws/install/drive/lib/python3.10/site-packages/drive-0.0.1-py3.10.egg-info/dependency_links.txt
/home/delta/ros2_ws/install/drive/lib/python3.10/site-packages/drive-0.0.1-py3.10.egg-info/top_level.txt
/home/delta/ros2_ws/install/drive/lib/python3.10/site-packages/drive-0.0.1-py3.10.egg-info/requires.txt
/home/delta/ros2_ws/install/drive/lib/python3.10/site-packages/drive-0.0.1-py3.10.egg-info/entry_points.txt
/home/delta/ros2_ws/install/drive/lib/python3.10/site-packages/drive-0.0.1-py3.10.egg-info/SOURCES.txt
/home/delta/ros2_ws/install/drive/lib/python3.10/site-packages/drive-0.0.1-py3.10.egg-info/zip-safe
/home/delta/ros2_ws/install/drive/lib/python3.10/site-packages/drive-0.0.1-py3.10.egg-info/PKG-INFO
/home/delta/ros2_ws/install/drive/lib/drive/drive_control
/home/delta/ros2_ws/install/drive/lib/drive/motor_controller
/home/delta/ros2_ws/install/drive/lib/drive/motor_health_monitor
