[3.162s] Invoking command in '/home/delta/ros2_ws/build/positioning': PYTHONPATH=/home/delta/ros2_ws/build/positioning/prefix_override:/usr/lib/python3/dist-packages/colcon_core/task/python/colcon_distutils_commands:/home/delta/ros2_ws/install/positioning/lib/python3.10/site-packages:${PYTHONPATH} /usr/bin/python3 -W ignore:setup.py install is deprecated setup.py develop --editable --build-directory /home/delta/ros2_ws/build/positioning/build --no-deps symlink_data
[4.469s] running develop
[4.470s] /usr/local/lib/python3.10/dist-packages/setuptools/command/easy_install.py:156: EasyInstallDeprecationWarning: easy_install command is deprecated. Use build and pip and other standards-based tools.
[4.471s]   warnings.warn(
[5.398s] running egg_info
[5.399s] writing positioning.egg-info/PKG-INFO
[5.400s] writing dependency_links to positioning.egg-info/dependency_links.txt
[5.401s] writing entry points to positioning.egg-info/entry_points.txt
[5.402s] writing requirements to positioning.egg-info/requires.txt
[5.402s] writing top-level names to positioning.egg-info/top_level.txt
[5.411s] reading manifest file 'positioning.egg-info/SOURCES.txt'
[5.414s] writing manifest file 'positioning.egg-info/SOURCES.txt'
[5.420s] running build_ext
[5.421s] Creating /home/delta/ros2_ws/install/positioning/lib/python3.10/site-packages/positioning.egg-link (link to .)
[5.425s] Installing gps_node script to /home/delta/ros2_ws/install/positioning/lib/positioning
[5.426s] Installing gsm_position_node script to /home/delta/ros2_ws/install/positioning/lib/positioning
[5.427s] Installing imu_node script to /home/delta/ros2_ws/install/positioning/lib/positioning
[5.427s] Installing lidar_localization_node script to /home/delta/ros2_ws/install/positioning/lib/positioning
[5.428s] Installing nav2_interface_node script to /home/delta/ros2_ws/install/positioning/lib/positioning
[5.429s] Installing position_monitor_node script to /home/delta/ros2_ws/install/positioning/lib/positioning
[5.430s] Installing sensor_fusion_node script to /home/delta/ros2_ws/install/positioning/lib/positioning
[5.431s] 
[5.432s] Installed /home/delta/ros2_ws/build/positioning
[5.432s] running symlink_data
[5.571s] Invoked command in '/home/delta/ros2_ws/build/positioning' returned '0': PYTHONPATH=/home/delta/ros2_ws/build/positioning/prefix_override:/usr/lib/python3/dist-packages/colcon_core/task/python/colcon_distutils_commands:/home/delta/ros2_ws/install/positioning/lib/python3.10/site-packages:${PYTHONPATH} /usr/bin/python3 -W ignore:setup.py install is deprecated setup.py develop --editable --build-directory /home/delta/ros2_ws/build/positioning/build --no-deps symlink_data
