[0.473s] DEBUG:colcon:Command line arguments: ['/usr/bin/colcon', 'build', '--symlink-install']
[0.474s] DEBUG:colcon:Parsed command line arguments: Namespace(log_base=None, log_level=None, verb_name='build', build_base='build', install_base='install', merge_install=False, symlink_install=True, test_result_base=None, continue_on_error=False, executor='parallel', parallel_workers=4, event_handlers=None, ignore_user_meta=False, metas=['./colcon.meta'], base_paths=['.'], packages_ignore=None, packages_ignore_regex=None, paths=None, packages_up_to=None, packages_up_to_regex=None, packages_above=None, packages_above_and_dependencies=None, packages_above_depth=None, packages_select_by_dep=None, packages_skip_by_dep=None, packages_skip_up_to=None, packages_select_build_failed=False, packages_skip_build_finished=False, packages_select_test_failures=False, packages_skip_test_passed=False, packages_select=None, packages_skip=None, packages_select_regex=None, packages_skip_regex=None, packages_start=None, packages_end=None, allow_overriding=[], cmake_args=None, cmake_target=None, cmake_target_skip_unavailable=False, cmake_clean_cache=False, cmake_clean_first=False, cmake_force_configure=False, ament_cmake_args=None, catkin_cmake_args=None, catkin_skip_building_tests=False, mixin_files=None, mixin=None, verb_parser=<colcon_mixin.mixin.mixin_argument.MixinArgumentDecorator object at 0xffff8076a350>, verb_extension=<colcon_core.verb.build.BuildVerb object at 0xffff8087ea10>, main=<bound method BuildVerb.main of <colcon_core.verb.build.BuildVerb object at 0xffff8087ea10>>, mixin_verb=('build',))
[1.375s] Level 1:colcon.colcon_core.package_discovery:discover_packages(colcon_meta) check parameters
[1.375s] Level 1:colcon.colcon_core.package_discovery:discover_packages(recursive) check parameters
[1.375s] Level 1:colcon.colcon_core.package_discovery:discover_packages(ignore) check parameters
[1.375s] Level 1:colcon.colcon_core.package_discovery:discover_packages(path) check parameters
[1.376s] Level 1:colcon.colcon_core.package_discovery:discover_packages(colcon_meta) discover
[1.376s] Level 1:colcon.colcon_core.package_discovery:discover_packages(recursive) discover
[1.376s] INFO:colcon.colcon_core.package_discovery:Crawling recursively for packages in '/home/delta/ros2_ws'
[1.377s] Level 1:colcon.colcon_core.package_identification:_identify(.) by extensions ['ignore', 'ignore_ament_install']
[1.377s] Level 1:colcon.colcon_core.package_identification:_identify(.) by extension 'ignore'
[1.377s] Level 1:colcon.colcon_core.package_identification:_identify(.) by extension 'ignore_ament_install'
[1.377s] Level 1:colcon.colcon_core.package_identification:_identify(.) by extensions ['colcon_pkg']
[1.378s] Level 1:colcon.colcon_core.package_identification:_identify(.) by extension 'colcon_pkg'
[1.378s] Level 1:colcon.colcon_core.package_identification:_identify(.) by extensions ['colcon_meta']
[1.378s] Level 1:colcon.colcon_core.package_identification:_identify(.) by extension 'colcon_meta'
[1.378s] Level 1:colcon.colcon_core.package_identification:_identify(.) by extensions ['ros']
[1.378s] Level 1:colcon.colcon_core.package_identification:_identify(.) by extension 'ros'
[1.424s] Level 1:colcon.colcon_core.package_identification:_identify(.) by extensions ['cmake', 'python']
[1.424s] Level 1:colcon.colcon_core.package_identification:_identify(.) by extension 'cmake'
[1.425s] Level 1:colcon.colcon_core.package_identification:_identify(.) by extension 'python'
[1.425s] Level 1:colcon.colcon_core.package_identification:_identify(.) by extensions ['python_setup_py']
[1.425s] Level 1:colcon.colcon_core.package_identification:_identify(.) by extension 'python_setup_py'
[1.425s] Level 1:colcon.colcon_core.package_identification:_identify(arduino) by extensions ['ignore', 'ignore_ament_install']
[1.426s] Level 1:colcon.colcon_core.package_identification:_identify(arduino) by extension 'ignore'
[1.426s] Level 1:colcon.colcon_core.package_identification:_identify(arduino) by extension 'ignore_ament_install'
[1.426s] Level 1:colcon.colcon_core.package_identification:_identify(arduino) by extensions ['colcon_pkg']
[1.427s] Level 1:colcon.colcon_core.package_identification:_identify(arduino) by extension 'colcon_pkg'
[1.427s] Level 1:colcon.colcon_core.package_identification:_identify(arduino) by extensions ['colcon_meta']
[1.427s] Level 1:colcon.colcon_core.package_identification:_identify(arduino) by extension 'colcon_meta'
[1.427s] Level 1:colcon.colcon_core.package_identification:_identify(arduino) by extensions ['ros']
[1.427s] Level 1:colcon.colcon_core.package_identification:_identify(arduino) by extension 'ros'
[1.428s] Level 1:colcon.colcon_core.package_identification:_identify(arduino) by extensions ['cmake', 'python']
[1.428s] Level 1:colcon.colcon_core.package_identification:_identify(arduino) by extension 'cmake'
[1.428s] Level 1:colcon.colcon_core.package_identification:_identify(arduino) by extension 'python'
[1.428s] Level 1:colcon.colcon_core.package_identification:_identify(arduino) by extensions ['python_setup_py']
[1.428s] Level 1:colcon.colcon_core.package_identification:_identify(arduino) by extension 'python_setup_py'
[1.429s] Level 1:colcon.colcon_core.package_identification:_identify(bin) by extensions ['ignore', 'ignore_ament_install']
[1.429s] Level 1:colcon.colcon_core.package_identification:_identify(bin) by extension 'ignore'
[1.429s] Level 1:colcon.colcon_core.package_identification:_identify(bin) by extension 'ignore_ament_install'
[1.429s] Level 1:colcon.colcon_core.package_identification:_identify(bin) by extensions ['colcon_pkg']
[1.430s] Level 1:colcon.colcon_core.package_identification:_identify(bin) by extension 'colcon_pkg'
[1.430s] Level 1:colcon.colcon_core.package_identification:_identify(bin) by extensions ['colcon_meta']
[1.430s] Level 1:colcon.colcon_core.package_identification:_identify(bin) by extension 'colcon_meta'
[1.430s] Level 1:colcon.colcon_core.package_identification:_identify(bin) by extensions ['ros']
[1.430s] Level 1:colcon.colcon_core.package_identification:_identify(bin) by extension 'ros'
[1.431s] Level 1:colcon.colcon_core.package_identification:_identify(bin) by extensions ['cmake', 'python']
[1.431s] Level 1:colcon.colcon_core.package_identification:_identify(bin) by extension 'cmake'
[1.431s] Level 1:colcon.colcon_core.package_identification:_identify(bin) by extension 'python'
[1.431s] Level 1:colcon.colcon_core.package_identification:_identify(bin) by extensions ['python_setup_py']
[1.431s] Level 1:colcon.colcon_core.package_identification:_identify(bin) by extension 'python_setup_py'
[1.432s] Level 1:colcon.colcon_core.package_identification:_identify(build) by extensions ['ignore', 'ignore_ament_install']
[1.432s] Level 1:colcon.colcon_core.package_identification:_identify(build) by extension 'ignore'
[1.432s] Level 1:colcon.colcon_core.package_identification:_identify(build) ignored
[1.433s] Level 1:colcon.colcon_core.package_identification:_identify(install) by extensions ['ignore', 'ignore_ament_install']
[1.433s] Level 1:colcon.colcon_core.package_identification:_identify(install) by extension 'ignore'
[1.433s] Level 1:colcon.colcon_core.package_identification:_identify(install) ignored
[1.434s] Level 1:colcon.colcon_core.package_identification:_identify(log) by extensions ['ignore', 'ignore_ament_install']
[1.434s] Level 1:colcon.colcon_core.package_identification:_identify(log) by extension 'ignore'
[1.435s] Level 1:colcon.colcon_core.package_identification:_identify(log) ignored
[1.435s] Level 1:colcon.colcon_core.package_identification:_identify(src) by extensions ['ignore', 'ignore_ament_install']
[1.435s] Level 1:colcon.colcon_core.package_identification:_identify(src) by extension 'ignore'
[1.436s] Level 1:colcon.colcon_core.package_identification:_identify(src) by extension 'ignore_ament_install'
[1.436s] Level 1:colcon.colcon_core.package_identification:_identify(src) by extensions ['colcon_pkg']
[1.436s] Level 1:colcon.colcon_core.package_identification:_identify(src) by extension 'colcon_pkg'
[1.436s] Level 1:colcon.colcon_core.package_identification:_identify(src) by extensions ['colcon_meta']
[1.436s] Level 1:colcon.colcon_core.package_identification:_identify(src) by extension 'colcon_meta'
[1.436s] Level 1:colcon.colcon_core.package_identification:_identify(src) by extensions ['ros']
[1.437s] Level 1:colcon.colcon_core.package_identification:_identify(src) by extension 'ros'
[1.437s] Level 1:colcon.colcon_core.package_identification:_identify(src) by extensions ['cmake', 'python']
[1.437s] Level 1:colcon.colcon_core.package_identification:_identify(src) by extension 'cmake'
[1.437s] Level 1:colcon.colcon_core.package_identification:_identify(src) by extension 'python'
[1.437s] Level 1:colcon.colcon_core.package_identification:_identify(src) by extensions ['python_setup_py']
[1.438s] Level 1:colcon.colcon_core.package_identification:_identify(src) by extension 'python_setup_py'
[1.438s] Level 1:colcon.colcon_core.package_identification:_identify(src/drive) by extensions ['ignore', 'ignore_ament_install']
[1.438s] Level 1:colcon.colcon_core.package_identification:_identify(src/drive) by extension 'ignore'
[1.439s] Level 1:colcon.colcon_core.package_identification:_identify(src/drive) by extension 'ignore_ament_install'
[1.439s] Level 1:colcon.colcon_core.package_identification:_identify(src/drive) by extensions ['colcon_pkg']
[1.439s] Level 1:colcon.colcon_core.package_identification:_identify(src/drive) by extension 'colcon_pkg'
[1.439s] Level 1:colcon.colcon_core.package_identification:_identify(src/drive) by extensions ['colcon_meta']
[1.439s] Level 1:colcon.colcon_core.package_identification:_identify(src/drive) by extension 'colcon_meta'
[1.440s] Level 1:colcon.colcon_core.package_identification:_identify(src/drive) by extensions ['ros']
[1.440s] Level 1:colcon.colcon_core.package_identification:_identify(src/drive) by extension 'ros'
[1.449s] DEBUG:colcon.colcon_core.package_identification:Package 'src/drive' with type 'ros.ament_python' and name 'drive'
[1.449s] Level 1:colcon.colcon_core.package_identification:_identify(src/positioning) by extensions ['ignore', 'ignore_ament_install']
[1.450s] Level 1:colcon.colcon_core.package_identification:_identify(src/positioning) by extension 'ignore'
[1.450s] Level 1:colcon.colcon_core.package_identification:_identify(src/positioning) by extension 'ignore_ament_install'
[1.450s] Level 1:colcon.colcon_core.package_identification:_identify(src/positioning) by extensions ['colcon_pkg']
[1.450s] Level 1:colcon.colcon_core.package_identification:_identify(src/positioning) by extension 'colcon_pkg'
[1.451s] Level 1:colcon.colcon_core.package_identification:_identify(src/positioning) by extensions ['colcon_meta']
[1.451s] Level 1:colcon.colcon_core.package_identification:_identify(src/positioning) by extension 'colcon_meta'
[1.451s] Level 1:colcon.colcon_core.package_identification:_identify(src/positioning) by extensions ['ros']
[1.451s] Level 1:colcon.colcon_core.package_identification:_identify(src/positioning) by extension 'ros'
[1.456s] DEBUG:colcon.colcon_core.package_identification:Package 'src/positioning' with type 'ros.ament_python' and name 'positioning'
[1.456s] Level 1:colcon.colcon_core.package_identification:_identify(test0) by extensions ['ignore', 'ignore_ament_install']
[1.457s] Level 1:colcon.colcon_core.package_identification:_identify(test0) by extension 'ignore'
[1.457s] Level 1:colcon.colcon_core.package_identification:_identify(test0) by extension 'ignore_ament_install'
[1.457s] Level 1:colcon.colcon_core.package_identification:_identify(test0) by extensions ['colcon_pkg']
[1.457s] Level 1:colcon.colcon_core.package_identification:_identify(test0) by extension 'colcon_pkg'
[1.458s] Level 1:colcon.colcon_core.package_identification:_identify(test0) by extensions ['colcon_meta']
[1.458s] Level 1:colcon.colcon_core.package_identification:_identify(test0) by extension 'colcon_meta'
[1.458s] Level 1:colcon.colcon_core.package_identification:_identify(test0) by extensions ['ros']
[1.459s] Level 1:colcon.colcon_core.package_identification:_identify(test0) by extension 'ros'
[1.459s] Level 1:colcon.colcon_core.package_identification:_identify(test0) by extensions ['cmake', 'python']
[1.459s] Level 1:colcon.colcon_core.package_identification:_identify(test0) by extension 'cmake'
[1.459s] Level 1:colcon.colcon_core.package_identification:_identify(test0) by extension 'python'
[1.460s] Level 1:colcon.colcon_core.package_identification:_identify(test0) by extensions ['python_setup_py']
[1.460s] Level 1:colcon.colcon_core.package_identification:_identify(test0) by extension 'python_setup_py'
[1.461s] Level 1:colcon.colcon_core.package_identification:_identify(test0/arduino) by extensions ['ignore', 'ignore_ament_install']
[1.461s] Level 1:colcon.colcon_core.package_identification:_identify(test0/arduino) by extension 'ignore'
[1.461s] Level 1:colcon.colcon_core.package_identification:_identify(test0/arduino) by extension 'ignore_ament_install'
[1.461s] Level 1:colcon.colcon_core.package_identification:_identify(test0/arduino) by extensions ['colcon_pkg']
[1.462s] Level 1:colcon.colcon_core.package_identification:_identify(test0/arduino) by extension 'colcon_pkg'
[1.462s] Level 1:colcon.colcon_core.package_identification:_identify(test0/arduino) by extensions ['colcon_meta']
[1.462s] Level 1:colcon.colcon_core.package_identification:_identify(test0/arduino) by extension 'colcon_meta'
[1.462s] Level 1:colcon.colcon_core.package_identification:_identify(test0/arduino) by extensions ['ros']
[1.462s] Level 1:colcon.colcon_core.package_identification:_identify(test0/arduino) by extension 'ros'
[1.463s] Level 1:colcon.colcon_core.package_identification:_identify(test0/arduino) by extensions ['cmake', 'python']
[1.463s] Level 1:colcon.colcon_core.package_identification:_identify(test0/arduino) by extension 'cmake'
[1.463s] Level 1:colcon.colcon_core.package_identification:_identify(test0/arduino) by extension 'python'
[1.463s] Level 1:colcon.colcon_core.package_identification:_identify(test0/arduino) by extensions ['python_setup_py']
[1.463s] Level 1:colcon.colcon_core.package_identification:_identify(test0/arduino) by extension 'python_setup_py'
[1.464s] Level 1:colcon.colcon_core.package_identification:_identify(test0/arduino/1) by extensions ['ignore', 'ignore_ament_install']
[1.464s] Level 1:colcon.colcon_core.package_identification:_identify(test0/arduino/1) by extension 'ignore'
[1.464s] Level 1:colcon.colcon_core.package_identification:_identify(test0/arduino/1) by extension 'ignore_ament_install'
[1.465s] Level 1:colcon.colcon_core.package_identification:_identify(test0/arduino/1) by extensions ['colcon_pkg']
[1.465s] Level 1:colcon.colcon_core.package_identification:_identify(test0/arduino/1) by extension 'colcon_pkg'
[1.465s] Level 1:colcon.colcon_core.package_identification:_identify(test0/arduino/1) by extensions ['colcon_meta']
[1.465s] Level 1:colcon.colcon_core.package_identification:_identify(test0/arduino/1) by extension 'colcon_meta'
[1.465s] Level 1:colcon.colcon_core.package_identification:_identify(test0/arduino/1) by extensions ['ros']
[1.465s] Level 1:colcon.colcon_core.package_identification:_identify(test0/arduino/1) by extension 'ros'
[1.466s] Level 1:colcon.colcon_core.package_identification:_identify(test0/arduino/1) by extensions ['cmake', 'python']
[1.466s] Level 1:colcon.colcon_core.package_identification:_identify(test0/arduino/1) by extension 'cmake'
[1.466s] Level 1:colcon.colcon_core.package_identification:_identify(test0/arduino/1) by extension 'python'
[1.466s] Level 1:colcon.colcon_core.package_identification:_identify(test0/arduino/1) by extensions ['python_setup_py']
[1.466s] Level 1:colcon.colcon_core.package_identification:_identify(test0/arduino/1) by extension 'python_setup_py'
[1.467s] Level 1:colcon.colcon_core.package_identification:_identify(test0/arduino/2) by extensions ['ignore', 'ignore_ament_install']
[1.467s] Level 1:colcon.colcon_core.package_identification:_identify(test0/arduino/2) by extension 'ignore'
[1.467s] Level 1:colcon.colcon_core.package_identification:_identify(test0/arduino/2) by extension 'ignore_ament_install'
[1.468s] Level 1:colcon.colcon_core.package_identification:_identify(test0/arduino/2) by extensions ['colcon_pkg']
[1.468s] Level 1:colcon.colcon_core.package_identification:_identify(test0/arduino/2) by extension 'colcon_pkg'
[1.468s] Level 1:colcon.colcon_core.package_identification:_identify(test0/arduino/2) by extensions ['colcon_meta']
[1.468s] Level 1:colcon.colcon_core.package_identification:_identify(test0/arduino/2) by extension 'colcon_meta'
[1.468s] Level 1:colcon.colcon_core.package_identification:_identify(test0/arduino/2) by extensions ['ros']
[1.469s] Level 1:colcon.colcon_core.package_identification:_identify(test0/arduino/2) by extension 'ros'
[1.469s] Level 1:colcon.colcon_core.package_identification:_identify(test0/arduino/2) by extensions ['cmake', 'python']
[1.469s] Level 1:colcon.colcon_core.package_identification:_identify(test0/arduino/2) by extension 'cmake'
[1.469s] Level 1:colcon.colcon_core.package_identification:_identify(test0/arduino/2) by extension 'python'
[1.469s] Level 1:colcon.colcon_core.package_identification:_identify(test0/arduino/2) by extensions ['python_setup_py']
[1.469s] Level 1:colcon.colcon_core.package_identification:_identify(test0/arduino/2) by extension 'python_setup_py'
[1.470s] Level 1:colcon.colcon_core.package_identification:_identify(test0/arduino/3) by extensions ['ignore', 'ignore_ament_install']
[1.470s] Level 1:colcon.colcon_core.package_identification:_identify(test0/arduino/3) by extension 'ignore'
[1.471s] Level 1:colcon.colcon_core.package_identification:_identify(test0/arduino/3) by extension 'ignore_ament_install'
[1.471s] Level 1:colcon.colcon_core.package_identification:_identify(test0/arduino/3) by extensions ['colcon_pkg']
[1.471s] Level 1:colcon.colcon_core.package_identification:_identify(test0/arduino/3) by extension 'colcon_pkg'
[1.471s] Level 1:colcon.colcon_core.package_identification:_identify(test0/arduino/3) by extensions ['colcon_meta']
[1.471s] Level 1:colcon.colcon_core.package_identification:_identify(test0/arduino/3) by extension 'colcon_meta'
[1.471s] Level 1:colcon.colcon_core.package_identification:_identify(test0/arduino/3) by extensions ['ros']
[1.472s] Level 1:colcon.colcon_core.package_identification:_identify(test0/arduino/3) by extension 'ros'
[1.472s] Level 1:colcon.colcon_core.package_identification:_identify(test0/arduino/3) by extensions ['cmake', 'python']
[1.472s] Level 1:colcon.colcon_core.package_identification:_identify(test0/arduino/3) by extension 'cmake'
[1.472s] Level 1:colcon.colcon_core.package_identification:_identify(test0/arduino/3) by extension 'python'
[1.472s] Level 1:colcon.colcon_core.package_identification:_identify(test0/arduino/3) by extensions ['python_setup_py']
[1.473s] Level 1:colcon.colcon_core.package_identification:_identify(test0/arduino/3) by extension 'python_setup_py'
[1.473s] Level 1:colcon.colcon_core.package_identification:_identify(test0/arduino/clean) by extensions ['ignore', 'ignore_ament_install']
[1.473s] Level 1:colcon.colcon_core.package_identification:_identify(test0/arduino/clean) by extension 'ignore'
[1.474s] Level 1:colcon.colcon_core.package_identification:_identify(test0/arduino/clean) by extension 'ignore_ament_install'
[1.474s] Level 1:colcon.colcon_core.package_identification:_identify(test0/arduino/clean) by extensions ['colcon_pkg']
[1.474s] Level 1:colcon.colcon_core.package_identification:_identify(test0/arduino/clean) by extension 'colcon_pkg'
[1.474s] Level 1:colcon.colcon_core.package_identification:_identify(test0/arduino/clean) by extensions ['colcon_meta']
[1.474s] Level 1:colcon.colcon_core.package_identification:_identify(test0/arduino/clean) by extension 'colcon_meta'
[1.475s] Level 1:colcon.colcon_core.package_identification:_identify(test0/arduino/clean) by extensions ['ros']
[1.475s] Level 1:colcon.colcon_core.package_identification:_identify(test0/arduino/clean) by extension 'ros'
[1.475s] Level 1:colcon.colcon_core.package_identification:_identify(test0/arduino/clean) by extensions ['cmake', 'python']
[1.475s] Level 1:colcon.colcon_core.package_identification:_identify(test0/arduino/clean) by extension 'cmake'
[1.475s] Level 1:colcon.colcon_core.package_identification:_identify(test0/arduino/clean) by extension 'python'
[1.476s] Level 1:colcon.colcon_core.package_identification:_identify(test0/arduino/clean) by extensions ['python_setup_py']
[1.476s] Level 1:colcon.colcon_core.package_identification:_identify(test0/arduino/clean) by extension 'python_setup_py'
[1.476s] Level 1:colcon.colcon_core.package_identification:_identify(test0/arduino/imu) by extensions ['ignore', 'ignore_ament_install']
[1.476s] Level 1:colcon.colcon_core.package_identification:_identify(test0/arduino/imu) by extension 'ignore'
[1.477s] Level 1:colcon.colcon_core.package_identification:_identify(test0/arduino/imu) by extension 'ignore_ament_install'
[1.477s] Level 1:colcon.colcon_core.package_identification:_identify(test0/arduino/imu) by extensions ['colcon_pkg']
[1.477s] Level 1:colcon.colcon_core.package_identification:_identify(test0/arduino/imu) by extension 'colcon_pkg'
[1.477s] Level 1:colcon.colcon_core.package_identification:_identify(test0/arduino/imu) by extensions ['colcon_meta']
[1.477s] Level 1:colcon.colcon_core.package_identification:_identify(test0/arduino/imu) by extension 'colcon_meta'
[1.478s] Level 1:colcon.colcon_core.package_identification:_identify(test0/arduino/imu) by extensions ['ros']
[1.478s] Level 1:colcon.colcon_core.package_identification:_identify(test0/arduino/imu) by extension 'ros'
[1.478s] Level 1:colcon.colcon_core.package_identification:_identify(test0/arduino/imu) by extensions ['cmake', 'python']
[1.478s] Level 1:colcon.colcon_core.package_identification:_identify(test0/arduino/imu) by extension 'cmake'
[1.478s] Level 1:colcon.colcon_core.package_identification:_identify(test0/arduino/imu) by extension 'python'
[1.479s] Level 1:colcon.colcon_core.package_identification:_identify(test0/arduino/imu) by extensions ['python_setup_py']
[1.479s] Level 1:colcon.colcon_core.package_identification:_identify(test0/arduino/imu) by extension 'python_setup_py'
[1.479s] Level 1:colcon.colcon_core.package_identification:_identify(test0/arduino/test) by extensions ['ignore', 'ignore_ament_install']
[1.479s] Level 1:colcon.colcon_core.package_identification:_identify(test0/arduino/test) by extension 'ignore'
[1.480s] Level 1:colcon.colcon_core.package_identification:_identify(test0/arduino/test) by extension 'ignore_ament_install'
[1.480s] Level 1:colcon.colcon_core.package_identification:_identify(test0/arduino/test) by extensions ['colcon_pkg']
[1.480s] Level 1:colcon.colcon_core.package_identification:_identify(test0/arduino/test) by extension 'colcon_pkg'
[1.480s] Level 1:colcon.colcon_core.package_identification:_identify(test0/arduino/test) by extensions ['colcon_meta']
[1.480s] Level 1:colcon.colcon_core.package_identification:_identify(test0/arduino/test) by extension 'colcon_meta'
[1.481s] Level 1:colcon.colcon_core.package_identification:_identify(test0/arduino/test) by extensions ['ros']
[1.481s] Level 1:colcon.colcon_core.package_identification:_identify(test0/arduino/test) by extension 'ros'
[1.481s] Level 1:colcon.colcon_core.package_identification:_identify(test0/arduino/test) by extensions ['cmake', 'python']
[1.481s] Level 1:colcon.colcon_core.package_identification:_identify(test0/arduino/test) by extension 'cmake'
[1.481s] Level 1:colcon.colcon_core.package_identification:_identify(test0/arduino/test) by extension 'python'
[1.482s] Level 1:colcon.colcon_core.package_identification:_identify(test0/arduino/test) by extensions ['python_setup_py']
[1.482s] Level 1:colcon.colcon_core.package_identification:_identify(test0/arduino/test) by extension 'python_setup_py'
[1.482s] Level 1:colcon.colcon_core.package_identification:_identify(test0/python) by extensions ['ignore', 'ignore_ament_install']
[1.483s] Level 1:colcon.colcon_core.package_identification:_identify(test0/python) by extension 'ignore'
[1.483s] Level 1:colcon.colcon_core.package_identification:_identify(test0/python) by extension 'ignore_ament_install'
[1.483s] Level 1:colcon.colcon_core.package_identification:_identify(test0/python) by extensions ['colcon_pkg']
[1.483s] Level 1:colcon.colcon_core.package_identification:_identify(test0/python) by extension 'colcon_pkg'
[1.483s] Level 1:colcon.colcon_core.package_identification:_identify(test0/python) by extensions ['colcon_meta']
[1.484s] Level 1:colcon.colcon_core.package_identification:_identify(test0/python) by extension 'colcon_meta'
[1.484s] Level 1:colcon.colcon_core.package_identification:_identify(test0/python) by extensions ['ros']
[1.484s] Level 1:colcon.colcon_core.package_identification:_identify(test0/python) by extension 'ros'
[1.484s] Level 1:colcon.colcon_core.package_identification:_identify(test0/python) by extensions ['cmake', 'python']
[1.484s] Level 1:colcon.colcon_core.package_identification:_identify(test0/python) by extension 'cmake'
[1.485s] Level 1:colcon.colcon_core.package_identification:_identify(test0/python) by extension 'python'
[1.485s] Level 1:colcon.colcon_core.package_identification:_identify(test0/python) by extensions ['python_setup_py']
[1.485s] Level 1:colcon.colcon_core.package_identification:_identify(test0/python) by extension 'python_setup_py'
[1.485s] Level 1:colcon.colcon_core.package_identification:_identify(test0/python/__pycache__) by extensions ['ignore', 'ignore_ament_install']
[1.486s] Level 1:colcon.colcon_core.package_identification:_identify(test0/python/__pycache__) by extension 'ignore'
[1.486s] Level 1:colcon.colcon_core.package_identification:_identify(test0/python/__pycache__) by extension 'ignore_ament_install'
[1.486s] Level 1:colcon.colcon_core.package_identification:_identify(test0/python/__pycache__) by extensions ['colcon_pkg']
[1.486s] Level 1:colcon.colcon_core.package_identification:_identify(test0/python/__pycache__) by extension 'colcon_pkg'
[1.486s] Level 1:colcon.colcon_core.package_identification:_identify(test0/python/__pycache__) by extensions ['colcon_meta']
[1.487s] Level 1:colcon.colcon_core.package_identification:_identify(test0/python/__pycache__) by extension 'colcon_meta'
[1.487s] Level 1:colcon.colcon_core.package_identification:_identify(test0/python/__pycache__) by extensions ['ros']
[1.487s] Level 1:colcon.colcon_core.package_identification:_identify(test0/python/__pycache__) by extension 'ros'
[1.487s] Level 1:colcon.colcon_core.package_identification:_identify(test0/python/__pycache__) by extensions ['cmake', 'python']
[1.488s] Level 1:colcon.colcon_core.package_identification:_identify(test0/python/__pycache__) by extension 'cmake'
[1.488s] Level 1:colcon.colcon_core.package_identification:_identify(test0/python/__pycache__) by extension 'python'
[1.488s] Level 1:colcon.colcon_core.package_identification:_identify(test0/python/__pycache__) by extensions ['python_setup_py']
[1.488s] Level 1:colcon.colcon_core.package_identification:_identify(test0/python/__pycache__) by extension 'python_setup_py'
[1.488s] Level 1:colcon.colcon_core.package_discovery:discover_packages(recursive) using defaults
[1.488s] Level 1:colcon.colcon_core.package_discovery:discover_packages(ignore) discover
[1.489s] Level 1:colcon.colcon_core.package_discovery:discover_packages(ignore) using defaults
[1.489s] Level 1:colcon.colcon_core.package_discovery:discover_packages(path) discover
[1.489s] Level 1:colcon.colcon_core.package_discovery:discover_packages(path) using defaults
[1.605s] Level 1:colcon.colcon_core.package_discovery:discover_packages(prefix_path) check parameters
[1.605s] Level 1:colcon.colcon_core.package_discovery:discover_packages(prefix_path) discover
[1.613s] DEBUG:colcon.colcon_installed_package_information.package_discovery:Found 2 installed packages in /home/delta/ros2_ws/install
[1.624s] DEBUG:colcon.colcon_installed_package_information.package_discovery:Found 334 installed packages in /opt/ros/humble
[1.631s] Level 1:colcon.colcon_core.package_discovery:discover_packages(prefix_path) using defaults
[1.829s] Level 5:colcon.colcon_core.verb:set package 'drive' build argument 'cmake_args' from command line to 'None'
[1.829s] Level 5:colcon.colcon_core.verb:set package 'drive' build argument 'cmake_target' from command line to 'None'
[1.829s] Level 5:colcon.colcon_core.verb:set package 'drive' build argument 'cmake_target_skip_unavailable' from command line to 'False'
[1.829s] Level 5:colcon.colcon_core.verb:set package 'drive' build argument 'cmake_clean_cache' from command line to 'False'
[1.830s] Level 5:colcon.colcon_core.verb:set package 'drive' build argument 'cmake_clean_first' from command line to 'False'
[1.830s] Level 5:colcon.colcon_core.verb:set package 'drive' build argument 'cmake_force_configure' from command line to 'False'
[1.830s] Level 5:colcon.colcon_core.verb:set package 'drive' build argument 'ament_cmake_args' from command line to 'None'
[1.830s] Level 5:colcon.colcon_core.verb:set package 'drive' build argument 'catkin_cmake_args' from command line to 'None'
[1.830s] Level 5:colcon.colcon_core.verb:set package 'drive' build argument 'catkin_skip_building_tests' from command line to 'False'
[1.830s] DEBUG:colcon.colcon_core.verb:Building package 'drive' with the following arguments: {'ament_cmake_args': None, 'build_base': '/home/delta/ros2_ws/build/drive', 'catkin_cmake_args': None, 'catkin_skip_building_tests': False, 'cmake_args': None, 'cmake_clean_cache': False, 'cmake_clean_first': False, 'cmake_force_configure': False, 'cmake_target': None, 'cmake_target_skip_unavailable': False, 'install_base': '/home/delta/ros2_ws/install/drive', 'merge_install': False, 'path': '/home/delta/ros2_ws/src/drive', 'symlink_install': True, 'test_result_base': None}
[1.832s] Level 5:colcon.colcon_core.verb:set package 'positioning' build argument 'cmake_args' from command line to 'None'
[1.832s] Level 5:colcon.colcon_core.verb:set package 'positioning' build argument 'cmake_target' from command line to 'None'
[1.832s] Level 5:colcon.colcon_core.verb:set package 'positioning' build argument 'cmake_target_skip_unavailable' from command line to 'False'
[1.832s] Level 5:colcon.colcon_core.verb:set package 'positioning' build argument 'cmake_clean_cache' from command line to 'False'
[1.832s] Level 5:colcon.colcon_core.verb:set package 'positioning' build argument 'cmake_clean_first' from command line to 'False'
[1.832s] Level 5:colcon.colcon_core.verb:set package 'positioning' build argument 'cmake_force_configure' from command line to 'False'
[1.832s] Level 5:colcon.colcon_core.verb:set package 'positioning' build argument 'ament_cmake_args' from command line to 'None'
[1.833s] Level 5:colcon.colcon_core.verb:set package 'positioning' build argument 'catkin_cmake_args' from command line to 'None'
[1.833s] Level 5:colcon.colcon_core.verb:set package 'positioning' build argument 'catkin_skip_building_tests' from command line to 'False'
[1.833s] DEBUG:colcon.colcon_core.verb:Building package 'positioning' with the following arguments: {'ament_cmake_args': None, 'build_base': '/home/delta/ros2_ws/build/positioning', 'catkin_cmake_args': None, 'catkin_skip_building_tests': False, 'cmake_args': None, 'cmake_clean_cache': False, 'cmake_clean_first': False, 'cmake_force_configure': False, 'cmake_target': None, 'cmake_target_skip_unavailable': False, 'install_base': '/home/delta/ros2_ws/install/positioning', 'merge_install': False, 'path': '/home/delta/ros2_ws/src/positioning', 'symlink_install': True, 'test_result_base': None}
[1.833s] INFO:colcon.colcon_core.executor:Executing jobs using 'parallel' executor
[1.837s] DEBUG:colcon.colcon_parallel_executor.executor.parallel:run_until_complete
[1.838s] INFO:colcon.colcon_ros.task.ament_python.build:Building ROS package in '/home/delta/ros2_ws/src/drive' with build type 'ament_python'
[1.839s] Level 1:colcon.colcon_core.shell:create_environment_hook('drive', 'ament_prefix_path')
[1.849s] INFO:colcon.colcon_core.plugin_system:Skipping extension 'colcon_core.shell.bat': Not used on non-Windows systems
[1.851s] INFO:colcon.colcon_core.shell:Creating environment hook '/home/delta/ros2_ws/install/drive/share/drive/hook/ament_prefix_path.ps1'
[1.854s] INFO:colcon.colcon_core.shell:Creating environment descriptor '/home/delta/ros2_ws/install/drive/share/drive/hook/ament_prefix_path.dsv'
[1.856s] INFO:colcon.colcon_core.shell:Creating environment hook '/home/delta/ros2_ws/install/drive/share/drive/hook/ament_prefix_path.sh'
[1.860s] INFO:colcon.colcon_core.shell:Skip shell extension 'powershell' for command environment: Not usable outside of PowerShell
[1.861s] DEBUG:colcon.colcon_core.shell:Skip shell extension 'dsv' for command environment
[1.880s] INFO:colcon.colcon_ros.task.ament_python.build:Building ROS package in '/home/delta/ros2_ws/src/positioning' with build type 'ament_python'
[1.881s] Level 1:colcon.colcon_core.shell:create_environment_hook('positioning', 'ament_prefix_path')
[1.883s] INFO:colcon.colcon_core.shell:Creating environment hook '/home/delta/ros2_ws/install/positioning/share/positioning/hook/ament_prefix_path.ps1'
[1.885s] INFO:colcon.colcon_core.shell:Creating environment descriptor '/home/delta/ros2_ws/install/positioning/share/positioning/hook/ament_prefix_path.dsv'
[1.888s] INFO:colcon.colcon_core.shell:Creating environment hook '/home/delta/ros2_ws/install/positioning/share/positioning/hook/ament_prefix_path.sh'
[1.892s] INFO:colcon.colcon_core.shell:Skip shell extension 'powershell' for command environment: Not usable outside of PowerShell
[1.892s] DEBUG:colcon.colcon_core.shell:Skip shell extension 'dsv' for command environment
[3.258s] INFO:colcon.colcon_core.task.python.build:Building Python package in '/home/delta/ros2_ws/src/drive'
[3.259s] INFO:colcon.colcon_core.shell:Skip shell extension 'powershell' for command environment: Not usable outside of PowerShell
[3.260s] DEBUG:colcon.colcon_core.shell:Skip shell extension 'dsv' for command environment
[4.661s] INFO:colcon.colcon_core.task.python.build:Building Python package in '/home/delta/ros2_ws/src/positioning'
[4.662s] INFO:colcon.colcon_core.shell:Skip shell extension 'powershell' for command environment: Not usable outside of PowerShell
[4.663s] DEBUG:colcon.colcon_core.shell:Skip shell extension 'dsv' for command environment
[6.543s] DEBUG:colcon.colcon_core.event_handler.log_command:Invoking command in '/home/delta/ros2_ws/build/drive': PYTHONPATH=/home/delta/ros2_ws/build/drive/prefix_override:/usr/lib/python3/dist-packages/colcon_core/task/python/colcon_distutils_commands:/home/delta/ros2_ws/install/drive/lib/python3.10/site-packages:${PYTHONPATH} /usr/bin/python3 -W ignore:setup.py install is deprecated setup.py develop --editable --build-directory /home/delta/ros2_ws/build/drive/build --no-deps symlink_data
[6.802s] DEBUG:colcon.colcon_core.event_handler.log_command:Invoking command in '/home/delta/ros2_ws/build/positioning': PYTHONPATH=/home/delta/ros2_ws/build/positioning/prefix_override:/usr/lib/python3/dist-packages/colcon_core/task/python/colcon_distutils_commands:/home/delta/ros2_ws/install/positioning/lib/python3.10/site-packages:${PYTHONPATH} /usr/bin/python3 -W ignore:setup.py install is deprecated setup.py develop --editable --build-directory /home/delta/ros2_ws/build/positioning/build --no-deps symlink_data
[9.498s] Level 1:colcon.colcon_core.shell:create_environment_hook('drive', 'pythonpath_develop')
[9.500s] INFO:colcon.colcon_core.shell:Creating environment hook '/home/delta/ros2_ws/build/drive/share/drive/hook/pythonpath_develop.ps1'
[9.502s] DEBUG:colcon.colcon_core.event_handler.log_command:Invoked command in '/home/delta/ros2_ws/build/drive' returned '0': PYTHONPATH=/home/delta/ros2_ws/build/drive/prefix_override:/usr/lib/python3/dist-packages/colcon_core/task/python/colcon_distutils_commands:/home/delta/ros2_ws/install/drive/lib/python3.10/site-packages:${PYTHONPATH} /usr/bin/python3 -W ignore:setup.py install is deprecated setup.py develop --editable --build-directory /home/delta/ros2_ws/build/drive/build --no-deps symlink_data
[9.505s] INFO:colcon.colcon_core.shell:Creating environment descriptor '/home/delta/ros2_ws/build/drive/share/drive/hook/pythonpath_develop.dsv'
[9.507s] INFO:colcon.colcon_core.shell:Creating environment hook '/home/delta/ros2_ws/build/drive/share/drive/hook/pythonpath_develop.sh'
[9.521s] Level 1:colcon.colcon_core.environment:checking '/home/delta/ros2_ws/install/drive' for CMake module files
[9.524s] Level 1:colcon.colcon_core.environment:checking '/home/delta/ros2_ws/install/drive' for CMake config files
[9.527s] Level 1:colcon.colcon_core.environment:checking '/home/delta/ros2_ws/install/drive/lib'
[9.528s] Level 1:colcon.colcon_core.environment:checking '/home/delta/ros2_ws/install/drive/bin'
[9.529s] Level 1:colcon.colcon_core.environment:checking '/home/delta/ros2_ws/install/drive/lib/pkgconfig/drive.pc'
[9.530s] Level 1:colcon.colcon_core.environment:checking '/home/delta/ros2_ws/install/drive/lib/python3.10/site-packages'
[9.531s] Level 1:colcon.colcon_core.shell:create_environment_hook('drive', 'pythonpath')
[9.532s] INFO:colcon.colcon_core.shell:Creating environment hook '/home/delta/ros2_ws/install/drive/share/drive/hook/pythonpath.ps1'
[9.534s] INFO:colcon.colcon_core.shell:Creating environment descriptor '/home/delta/ros2_ws/install/drive/share/drive/hook/pythonpath.dsv'
[9.535s] INFO:colcon.colcon_core.shell:Creating environment hook '/home/delta/ros2_ws/install/drive/share/drive/hook/pythonpath.sh'
[9.538s] Level 1:colcon.colcon_core.environment:checking '/home/delta/ros2_ws/install/drive/bin'
[9.539s] Level 1:colcon.colcon_core.environment:create_environment_scripts_only(drive)
[9.541s] INFO:colcon.colcon_core.shell:Creating package script '/home/delta/ros2_ws/install/drive/share/drive/package.ps1'
[9.545s] INFO:colcon.colcon_core.shell:Creating package descriptor '/home/delta/ros2_ws/install/drive/share/drive/package.dsv'
[9.548s] INFO:colcon.colcon_core.shell:Creating package script '/home/delta/ros2_ws/install/drive/share/drive/package.sh'
[9.552s] INFO:colcon.colcon_core.shell:Creating package script '/home/delta/ros2_ws/install/drive/share/drive/package.bash'
[9.555s] INFO:colcon.colcon_core.shell:Creating package script '/home/delta/ros2_ws/install/drive/share/drive/package.zsh'
[9.558s] Level 1:colcon.colcon_core.environment:create_file_with_runtime_dependencies(/home/delta/ros2_ws/install/drive/share/colcon-core/packages/drive)
[9.929s] Level 1:colcon.colcon_core.shell:create_environment_hook('positioning', 'pythonpath_develop')
[9.930s] INFO:colcon.colcon_core.shell:Creating environment hook '/home/delta/ros2_ws/build/positioning/share/positioning/hook/pythonpath_develop.ps1'
[9.932s] DEBUG:colcon.colcon_core.event_handler.log_command:Invoked command in '/home/delta/ros2_ws/build/positioning' returned '0': PYTHONPATH=/home/delta/ros2_ws/build/positioning/prefix_override:/usr/lib/python3/dist-packages/colcon_core/task/python/colcon_distutils_commands:/home/delta/ros2_ws/install/positioning/lib/python3.10/site-packages:${PYTHONPATH} /usr/bin/python3 -W ignore:setup.py install is deprecated setup.py develop --editable --build-directory /home/delta/ros2_ws/build/positioning/build --no-deps symlink_data
[9.934s] INFO:colcon.colcon_core.shell:Creating environment descriptor '/home/delta/ros2_ws/build/positioning/share/positioning/hook/pythonpath_develop.dsv'
[9.936s] INFO:colcon.colcon_core.shell:Creating environment hook '/home/delta/ros2_ws/build/positioning/share/positioning/hook/pythonpath_develop.sh'
[9.939s] Level 1:colcon.colcon_core.environment:checking '/home/delta/ros2_ws/install/positioning' for CMake module files
[9.943s] Level 1:colcon.colcon_core.environment:checking '/home/delta/ros2_ws/install/positioning' for CMake config files
[9.946s] Level 1:colcon.colcon_core.environment:checking '/home/delta/ros2_ws/install/positioning/lib'
[9.947s] Level 1:colcon.colcon_core.environment:checking '/home/delta/ros2_ws/install/positioning/bin'
[9.948s] Level 1:colcon.colcon_core.environment:checking '/home/delta/ros2_ws/install/positioning/lib/pkgconfig/positioning.pc'
[9.949s] Level 1:colcon.colcon_core.environment:checking '/home/delta/ros2_ws/install/positioning/lib/python3.10/site-packages'
[9.949s] Level 1:colcon.colcon_core.shell:create_environment_hook('positioning', 'pythonpath')
[9.950s] INFO:colcon.colcon_core.shell:Creating environment hook '/home/delta/ros2_ws/install/positioning/share/positioning/hook/pythonpath.ps1'
[9.952s] INFO:colcon.colcon_core.shell:Creating environment descriptor '/home/delta/ros2_ws/install/positioning/share/positioning/hook/pythonpath.dsv'
[9.954s] INFO:colcon.colcon_core.shell:Creating environment hook '/home/delta/ros2_ws/install/positioning/share/positioning/hook/pythonpath.sh'
[9.956s] Level 1:colcon.colcon_core.environment:checking '/home/delta/ros2_ws/install/positioning/bin'
[9.957s] Level 1:colcon.colcon_core.environment:create_environment_scripts_only(positioning)
[9.958s] INFO:colcon.colcon_core.shell:Creating package script '/home/delta/ros2_ws/install/positioning/share/positioning/package.ps1'
[9.960s] INFO:colcon.colcon_core.shell:Creating package descriptor '/home/delta/ros2_ws/install/positioning/share/positioning/package.dsv'
[9.963s] INFO:colcon.colcon_core.shell:Creating package script '/home/delta/ros2_ws/install/positioning/share/positioning/package.sh'
[9.965s] INFO:colcon.colcon_core.shell:Creating package script '/home/delta/ros2_ws/install/positioning/share/positioning/package.bash'
[9.967s] INFO:colcon.colcon_core.shell:Creating package script '/home/delta/ros2_ws/install/positioning/share/positioning/package.zsh'
[9.968s] Level 1:colcon.colcon_core.environment:create_file_with_runtime_dependencies(/home/delta/ros2_ws/install/positioning/share/colcon-core/packages/positioning)
[9.970s] DEBUG:colcon.colcon_parallel_executor.executor.parallel:closing loop
[9.971s] DEBUG:colcon.colcon_parallel_executor.executor.parallel:loop closed
[9.972s] DEBUG:colcon.colcon_parallel_executor.executor.parallel:run_until_complete finished with '0'
[9.973s] DEBUG:colcon.colcon_core.event_reactor:joining thread
[9.998s] INFO:colcon.colcon_core.plugin_system:Skipping extension 'colcon_notification.desktop_notification.terminal_notifier': Not used on non-Darwin systems
[9.999s] INFO:colcon.colcon_core.plugin_system:Skipping extension 'colcon_notification.desktop_notification.win32': Not used on non-Windows systems
[9.999s] INFO:colcon.colcon_notification.desktop_notification:Sending desktop notification using 'notify2'
[10.004s] DEBUG:colcon.colcon_notification.desktop_notification.notify2:Failed to initialize notify2: org.freedesktop.DBus.Error.ServiceUnknown: The name org.freedesktop.Notifications was not provided by any .service files
[10.004s] DEBUG:colcon.colcon_core.event_reactor:joined thread
[10.005s] INFO:colcon.colcon_core.shell:Creating prefix script '/home/delta/ros2_ws/install/local_setup.ps1'
[10.010s] INFO:colcon.colcon_core.shell:Creating prefix util module '/home/delta/ros2_ws/install/_local_setup_util_ps1.py'
[10.016s] INFO:colcon.colcon_core.shell:Creating prefix chain script '/home/delta/ros2_ws/install/setup.ps1'
[10.021s] INFO:colcon.colcon_core.shell:Creating prefix script '/home/delta/ros2_ws/install/local_setup.sh'
[10.023s] INFO:colcon.colcon_core.shell:Creating prefix util module '/home/delta/ros2_ws/install/_local_setup_util_sh.py'
[10.026s] INFO:colcon.colcon_core.shell:Creating prefix chain script '/home/delta/ros2_ws/install/setup.sh'
[10.030s] INFO:colcon.colcon_core.shell:Creating prefix script '/home/delta/ros2_ws/install/local_setup.bash'
[10.032s] INFO:colcon.colcon_core.shell:Creating prefix chain script '/home/delta/ros2_ws/install/setup.bash'
[10.037s] INFO:colcon.colcon_core.shell:Creating prefix script '/home/delta/ros2_ws/install/local_setup.zsh'
[10.039s] INFO:colcon.colcon_core.shell:Creating prefix chain script '/home/delta/ros2_ws/install/setup.zsh'
