running egg_info
writing ../../build/positioning/positioning.egg-info/PKG-INFO
writing dependency_links to ../../build/positioning/positioning.egg-info/dependency_links.txt
writing entry points to ../../build/positioning/positioning.egg-info/entry_points.txt
writing requirements to ../../build/positioning/positioning.egg-info/requires.txt
writing top-level names to ../../build/positioning/positioning.egg-info/top_level.txt
reading manifest file '../../build/positioning/positioning.egg-info/SOURCES.txt'
writing manifest file '../../build/positioning/positioning.egg-info/SOURCES.txt'
running build
running build_py
copying positioning/imu_node.py -> /home/delta/ros2_ws/build/positioning/build/lib/positioning
running install
running install_lib
copying /home/delta/ros2_ws/build/positioning/build/lib/positioning/imu_node.py -> /home/delta/ros2_ws/install/positioning/lib/python3.10/site-packages/positioning
byte-compiling /home/delta/ros2_ws/install/positioning/lib/python3.10/site-packages/positioning/imu_node.py to imu_node.cpython-310.pyc
running install_data
running install_egg_info
removing '/home/delta/ros2_ws/install/positioning/lib/python3.10/site-packages/positioning-0.0.0-py3.10.egg-info' (and everything under it)
Copying ../../build/positioning/positioning.egg-info to /home/delta/ros2_ws/install/positioning/lib/python3.10/site-packages/positioning-0.0.0-py3.10.egg-info
running install_scripts
Installing gps_node script to /home/delta/ros2_ws/install/positioning/lib/positioning
Installing gsm_position_node script to /home/delta/ros2_ws/install/positioning/lib/positioning
Installing imu_node script to /home/delta/ros2_ws/install/positioning/lib/positioning
Installing lidar_localization_node script to /home/delta/ros2_ws/install/positioning/lib/positioning
Installing nav2_interface_node script to /home/delta/ros2_ws/install/positioning/lib/positioning
Installing position_monitor_node script to /home/delta/ros2_ws/install/positioning/lib/positioning
Installing sensor_fusion_node script to /home/delta/ros2_ws/install/positioning/lib/positioning
writing list of installed files to '/home/delta/ros2_ws/build/positioning/install.log'
