[3.362s] Invoking command in '/home/delta/ros2_ws/src/positioning': PYTHONPATH=/home/delta/ros2_ws/build/positioning/prefix_override:/usr/lib/python3/dist-packages/colcon_core/task/python/colcon_distutils_commands:/home/delta/ros2_ws/install/positioning/lib/python3.10/site-packages:${PYTHONPATH} /usr/bin/python3 -W ignore:setup.py install is deprecated setup.py egg_info --egg-base ../../build/positioning build --build-base /home/delta/ros2_ws/build/positioning/build install --record /home/delta/ros2_ws/build/positioning/install.log --single-version-externally-managed install_data
[4.613s] running egg_info
[4.615s] writing ../../build/positioning/positioning.egg-info/PKG-INFO
[4.617s] writing dependency_links to ../../build/positioning/positioning.egg-info/dependency_links.txt
[4.617s] writing entry points to ../../build/positioning/positioning.egg-info/entry_points.txt
[4.618s] writing requirements to ../../build/positioning/positioning.egg-info/requires.txt
[4.619s] writing top-level names to ../../build/positioning/positioning.egg-info/top_level.txt
[4.627s] reading manifest file '../../build/positioning/positioning.egg-info/SOURCES.txt'
[4.632s] writing manifest file '../../build/positioning/positioning.egg-info/SOURCES.txt'
[4.633s] running build
[4.633s] running build_py
[4.634s] copying positioning/imu_node.py -> /home/delta/ros2_ws/build/positioning/build/lib/positioning
[4.635s] running install
[4.636s] running install_lib
[4.641s] copying /home/delta/ros2_ws/build/positioning/build/lib/positioning/imu_node.py -> /home/delta/ros2_ws/install/positioning/lib/python3.10/site-packages/positioning
[4.644s] byte-compiling /home/delta/ros2_ws/install/positioning/lib/python3.10/site-packages/positioning/imu_node.py to imu_node.cpython-310.pyc
[4.649s] running install_data
[4.650s] running install_egg_info
[4.660s] removing '/home/delta/ros2_ws/install/positioning/lib/python3.10/site-packages/positioning-0.0.0-py3.10.egg-info' (and everything under it)
[4.661s] Copying ../../build/positioning/positioning.egg-info to /home/delta/ros2_ws/install/positioning/lib/python3.10/site-packages/positioning-0.0.0-py3.10.egg-info
[4.668s] running install_scripts
[4.740s] Installing gps_node script to /home/delta/ros2_ws/install/positioning/lib/positioning
[4.741s] Installing gsm_position_node script to /home/delta/ros2_ws/install/positioning/lib/positioning
[4.742s] Installing imu_node script to /home/delta/ros2_ws/install/positioning/lib/positioning
[4.743s] Installing lidar_localization_node script to /home/delta/ros2_ws/install/positioning/lib/positioning
[4.744s] Installing nav2_interface_node script to /home/delta/ros2_ws/install/positioning/lib/positioning
[4.744s] Installing position_monitor_node script to /home/delta/ros2_ws/install/positioning/lib/positioning
[4.745s] Installing sensor_fusion_node script to /home/delta/ros2_ws/install/positioning/lib/positioning
[4.746s] writing list of installed files to '/home/delta/ros2_ws/build/positioning/install.log'
[4.869s] Invoked command in '/home/delta/ros2_ws/src/positioning' returned '0': PYTHONPATH=/home/delta/ros2_ws/build/positioning/prefix_override:/usr/lib/python3/dist-packages/colcon_core/task/python/colcon_distutils_commands:/home/delta/ros2_ws/install/positioning/lib/python3.10/site-packages:${PYTHONPATH} /usr/bin/python3 -W ignore:setup.py install is deprecated setup.py egg_info --egg-base ../../build/positioning build --build-base /home/delta/ros2_ws/build/positioning/build install --record /home/delta/ros2_ws/build/positioning/install.log --single-version-externally-managed install_data
